FILENAME=/scratch/dk3105/mcbb-mpi/test_data/er__0_5__80__2.csv
WORKERS=2
INEQUALITIES=200
Round 0 : surplus queue size = 0
Round 1 : saturation achieved
Round 10 : surplus queue size = 18
Round 20 : surplus queue size = 38
Round 30 : surplus queue size = 58
Round 40 : surplus queue size = 78
Round 50 : surplus queue size = 98
Round 60 : surplus queue size = 118
Round 70 : surplus queue size = 138
Round 80 : surplus queue size = 158
Round 90 : surplus queue size = 178
Round 100 : surplus queue size = 198
Round 110 : surplus queue size = 218
Round 120 : surplus queue size = 238
Round 130 : surplus queue size = 258
Round 140 : surplus queue size = 278
Round 150 : surplus queue size = 298
Round 160 : surplus queue size = 318
Round 170 : surplus queue size = 338
Round 180 : surplus queue size = 358
Round 190 : surplus queue size = 378
Round 200 : surplus queue size = 398
Round 210 : surplus queue size = 418
Round 220 : surplus queue size = 438
Round 230 : surplus queue size = 458
Round 240 : surplus queue size = 478
Round 250 : surplus queue size = 498
Round 260 : surplus queue size = 518
Round 270 : surplus queue size = 538
Round 280 : surplus queue size = 558
Round 290 : surplus queue size = 578
Round 300 : surplus queue size = 598
Round 310 : surplus queue size = 618
Round 320 : surplus queue size = 638
Round 330 : surplus queue size = 658
Round 340 : surplus queue size = 678
Round 350 : surplus queue size = 698
Round 360 : surplus queue size = 718
Round 370 : surplus queue size = 738
Round 380 : surplus queue size = 758
Round 390 : surplus queue size = 778
Round 400 : surplus queue size = 798
Round 410 : surplus queue size = 818
Round 420 : surplus queue size = 838
Round 430 : surplus queue size = 858
Round 440 : surplus queue size = 878
Round 450 : surplus queue size = 898
Round 460 : surplus queue size = 918
Round 470 : surplus queue size = 938
Round 480 : surplus queue size = 958
Round 490 : surplus queue size = 978
Round 500 : surplus queue size = 998
Round 510 : surplus queue size = 1018
Round 520 : surplus queue size = 1034
Round 530 : surplus queue size = 1054
Round 540 : surplus queue size = 1074
Round 550 : surplus queue size = 1094
Round 560 : surplus queue size = 1114
Round 570 : surplus queue size = 1134
Round 580 : surplus queue size = 1152
Round 590 : surplus queue size = 1172
Round 600 : surplus queue size = 1192
Round 610 : surplus queue size = 1212
Round 620 : surplus queue size = 1232
Round 630 : surplus queue size = 1252
Round 640 : surplus queue size = 1272
Round 650 : surplus queue size = 1290
Round 660 : surplus queue size = 1310
Round 670 : surplus queue size = 1330
Round 680 : surplus queue size = 1348
Round 690 : surplus queue size = 1368
Round 700 : surplus queue size = 1388
Round 710 : surplus queue size = 1408
Round 720 : surplus queue size = 1428
Round 730 : surplus queue size = 1448
Round 740 : surplus queue size = 1468
Round 750 : surplus queue size = 1488
Round 760 : surplus queue size = 1506
Round 770 : surplus queue size = 1526
Round 780 : surplus queue size = 1544
Round 790 : surplus queue size = 1564
Round 800 : surplus queue size = 1584
Round 810 : surplus queue size = 1604
Round 820 : surplus queue size = 1624
Round 830 : surplus queue size = 1642
Round 840 : surplus queue size = 1662
Round 850 : surplus queue size = 1682
Round 860 : surplus queue size = 1702
Round 870 : surplus queue size = 1720
Round 880 : surplus queue size = 1740
Round 890 : surplus queue size = 1760
Round 900 : surplus queue size = 1780
Round 910 : surplus queue size = 1800
Round 920 : surplus queue size = 1820
Round 930 : surplus queue size = 1840
Round 940 : surplus queue size = 1858
Round 950 : surplus queue size = 1878
Round 960 : surplus queue size = 1896
Round 970 : surplus queue size = 1912
Round 980 : surplus queue size = 1930
Round 990 : surplus queue size = 1948
Round 1000 : surplus queue size = 1966
Round 1010 : surplus queue size = 1986
Round 1020 : surplus queue size = 2006
Round 1030 : surplus queue size = 2026
Round 1040 : surplus queue size = 2046
Round 1050 : surplus queue size = 2064
Round 1060 : surplus queue size = 2084
Round 1070 : surplus queue size = 2104
Round 1080 : surplus queue size = 2124
Round 1090 : surplus queue size = 2144
Round 1100 : surplus queue size = 2162
Round 1110 : surplus queue size = 2182
Round 1120 : surplus queue size = 2200
Round 1130 : surplus queue size = 2220
Round 1140 : surplus queue size = 2238
Round 1150 : surplus queue size = 2258
Round 1160 : surplus queue size = 2276
Round 1170 : surplus queue size = 2294
Round 1180 : surplus queue size = 2310
Round 1190 : surplus queue size = 2330
Round 1200 : surplus queue size = 2350
Round 1210 : surplus queue size = 2368
Round 1220 : surplus queue size = 2384
Round 1230 : surplus queue size = 2402
Round 1240 : surplus queue size = 2418
Round 1250 : surplus queue size = 2436
Round 1260 : surplus queue size = 2454
Round 1270 : surplus queue size = 2472
Round 1280 : surplus queue size = 2490
Round 1290 : surplus queue size = 2508
Round 1300 : surplus queue size = 2528
Round 1310 : surplus queue size = 2548
Round 1320 : surplus queue size = 2564
Round 1330 : surplus queue size = 2578
Round 1340 : surplus queue size = 2596
Round 1350 : surplus queue size = 2616
Round 1360 : surplus queue size = 2636
Round 1370 : surplus queue size = 2656
Round 1380 : surplus queue size = 2670
Round 1390 : surplus queue size = 2688
Round 1400 : surplus queue size = 2704
Round 1410 : surplus queue size = 2724
Round 1420 : surplus queue size = 2744
Round 1430 : surplus queue size = 2760
Round 1440 : surplus queue size = 2778
Round 1450 : surplus queue size = 2798
Round 1460 : surplus queue size = 2818
Round 1470 : surplus queue size = 2836
Round 1480 : surplus queue size = 2850
Round 1490 : surplus queue size = 2864
Round 1500 : surplus queue size = 2884
Round 1510 : surplus queue size = 2904
Round 1520 : surplus queue size = 2924
Round 1530 : surplus queue size = 2942
Round 1540 : surplus queue size = 2958
Round 1550 : surplus queue size = 2974
Round 1560 : surplus queue size = 2986
Round 1570 : surplus queue size = 3006
Round 1580 : surplus queue size = 3022
Round 1590 : surplus queue size = 3040
Round 1600 : surplus queue size = 3058
Round 1610 : surplus queue size = 3074
Round 1620 : surplus queue size = 3094
Round 1630 : surplus queue size = 3114
Round 1640 : surplus queue size = 3132
Round 1650 : surplus queue size = 3148
Round 1660 : surplus queue size = 3164
Round 1670 : surplus queue size = 3184
Round 1680 : surplus queue size = 3204
Round 1690 : surplus queue size = 3222
Round 1700 : surplus queue size = 3232
Round 1710 : surplus queue size = 3252
Round 1720 : surplus queue size = 3266
Round 1730 : surplus queue size = 3284
Round 1740 : surplus queue size = 3300
Round 1750 : surplus queue size = 3318
Round 1760 : surplus queue size = 3334
Round 1770 : surplus queue size = 3352
Round 1780 : surplus queue size = 3372
Round 1790 : surplus queue size = 3390
Round 1800 : surplus queue size = 3410
Round 1810 : surplus queue size = 3430
Round 1820 : surplus queue size = 3448
Round 1830 : surplus queue size = 3466
Round 1840 : surplus queue size = 3484
Round 1850 : surplus queue size = 3502
Round 1860 : surplus queue size = 3514
Round 1870 : surplus queue size = 3532
Round 1880 : surplus queue size = 3550
Round 1890 : surplus queue size = 3568
Round 1900 : surplus queue size = 3582
Round 1910 : surplus queue size = 3600
Round 1920 : surplus queue size = 3616
Round 1930 : surplus queue size = 3636
Round 1940 : surplus queue size = 3656
Round 1950 : surplus queue size = 3676
Round 1960 : surplus queue size = 3694
Round 1970 : surplus queue size = 3708
Round 1980 : surplus queue size = 3724
Round 1990 : surplus queue size = 3742
Round 2000 : surplus queue size = 3756
Round 2010 : surplus queue size = 3768
Round 2020 : surplus queue size = 3782
Round 2030 : surplus queue size = 3798
Round 2040 : surplus queue size = 3816
Round 2050 : surplus queue size = 3832
Round 2060 : surplus queue size = 3846
Round 2070 : surplus queue size = 3862
Round 2080 : surplus queue size = 3878
Round 2090 : surplus queue size = 3896
Round 2100 : surplus queue size = 3910
Round 2110 : surplus queue size = 3920
Round 2120 : surplus queue size = 3938
Round 2130 : surplus queue size = 3954
Round 2140 : surplus queue size = 3960
Round 2150 : surplus queue size = 3970
Round 2160 : surplus queue size = 3988
Round 2170 : surplus queue size = 4002
Round 2180 : surplus queue size = 4018
Round 2190 : surplus queue size = 4032
Round 2200 : surplus queue size = 4042
Round 2210 : surplus queue size = 4062
Round 2220 : surplus queue size = 4078
Round 2230 : surplus queue size = 4094
Round 2240 : surplus queue size = 4104
Round 2250 : surplus queue size = 4118
Round 2260 : surplus queue size = 4134
Round 2270 : surplus queue size = 4146
Round 2280 : surplus queue size = 4160
Round 2290 : surplus queue size = 4178
Round 2300 : surplus queue size = 4196
Round 2310 : surplus queue size = 4216
Round 2320 : surplus queue size = 4234
Round 2330 : surplus queue size = 4248
Round 2340 : surplus queue size = 4262
Round 2350 : surplus queue size = 4280
Round 2360 : surplus queue size = 4300
Round 2370 : surplus queue size = 4314
Round 2380 : surplus queue size = 4328
Round 2390 : surplus queue size = 4344
Round 2400 : surplus queue size = 4360
Round 2410 : surplus queue size = 4374
Round 2420 : surplus queue size = 4386
Round 2430 : surplus queue size = 4402
Round 2440 : surplus queue size = 4422
Round 2450 : surplus queue size = 4436
Round 2460 : surplus queue size = 4452
Round 2470 : surplus queue size = 4470
Round 2480 : surplus queue size = 4480
Round 2490 : surplus queue size = 4498
Round 2500 : surplus queue size = 4512
Round 2510 : surplus queue size = 4526
Round 2520 : surplus queue size = 4536
Round 2530 : surplus queue size = 4556
Round 2540 : surplus queue size = 4576
Round 2550 : surplus queue size = 4592
Round 2560 : surplus queue size = 4604
Round 2570 : surplus queue size = 4624
Round 2580 : surplus queue size = 4644
Round 2590 : surplus queue size = 4654
Round 2600 : surplus queue size = 4666
Round 2610 : surplus queue size = 4680
Round 2620 : surplus queue size = 4694
Round 2630 : surplus queue size = 4710
Round 2640 : surplus queue size = 4724
Round 2650 : surplus queue size = 4740
Round 2660 : surplus queue size = 4754
Round 2670 : surplus queue size = 4768
Round 2680 : surplus queue size = 4784
Round 2690 : surplus queue size = 4796
Round 2700 : surplus queue size = 4810
Round 2710 : surplus queue size = 4822
Round 2720 : surplus queue size = 4836
Round 2730 : surplus queue size = 4852
Round 2740 : surplus queue size = 4864
Round 2750 : surplus queue size = 4878
Round 2760 : surplus queue size = 4890
Round 2770 : surplus queue size = 4898
Round 2780 : surplus queue size = 4914
Round 2790 : surplus queue size = 4928
Round 2800 : surplus queue size = 4944
Round 2810 : surplus queue size = 4956
Round 2820 : surplus queue size = 4970
Round 2830 : surplus queue size = 4980
Round 2840 : surplus queue size = 4996
Round 2850 : surplus queue size = 5008
Round 2860 : surplus queue size = 5022
Round 2870 : surplus queue size = 5030
Round 2880 : surplus queue size = 5046
Round 2890 : surplus queue size = 5060
Round 2900 : surplus queue size = 5074
Round 2910 : surplus queue size = 5090
Round 2920 : surplus queue size = 5104
Round 2930 : surplus queue size = 5114
Round 2940 : surplus queue size = 5130
Round 2950 : surplus queue size = 5136
Round 2960 : surplus queue size = 5154
Round 2970 : surplus queue size = 5164
Round 2980 : surplus queue size = 5180
Round 2990 : surplus queue size = 5190
Round 3000 : surplus queue size = 5206
Round 3010 : surplus queue size = 5220
Round 3020 : surplus queue size = 5232
Round 3030 : surplus queue size = 5246
Round 3040 : surplus queue size = 5262
Round 3050 : surplus queue size = 5280
Round 3060 : surplus queue size = 5292
Round 3070 : surplus queue size = 5306
Round 3080 : surplus queue size = 5318
Round 3090 : surplus queue size = 5330
Round 3100 : surplus queue size = 5342
Round 3110 : surplus queue size = 5356
Round 3120 : surplus queue size = 5362
Round 3130 : surplus queue size = 5374
Round 3140 : surplus queue size = 5384
Round 3150 : surplus queue size = 5398
Round 3160 : surplus queue size = 5410
Round 3170 : surplus queue size = 5420
Round 3180 : surplus queue size = 5432
Round 3190 : surplus queue size = 5448
Round 3200 : surplus queue size = 5462
Round 3210 : surplus queue size = 5466
Round 3220 : surplus queue size = 5474
Round 3230 : surplus queue size = 5476
Round 3240 : surplus queue size = 5488
Round 3250 : surplus queue size = 5506
Round 3260 : surplus queue size = 5520
Round 3270 : surplus queue size = 5534
Round 3280 : surplus queue size = 5544
Round 3290 : surplus queue size = 5562
Round 3300 : surplus queue size = 5576
Round 3310 : surplus queue size = 5586
Round 3320 : surplus queue size = 5586
Round 3330 : surplus queue size = 5604
Round 3340 : surplus queue size = 5618
Round 3350 : surplus queue size = 5632
Round 3360 : surplus queue size = 5644
Round 3370 : surplus queue size = 5650
Round 3380 : surplus queue size = 5664
Round 3390 : surplus queue size = 5672
Round 3400 : surplus queue size = 5686
Round 3410 : surplus queue size = 5688
Round 3420 : surplus queue size = 5706
Round 3430 : surplus queue size = 5718
Round 3440 : surplus queue size = 5724
Round 3450 : surplus queue size = 5744
Round 3460 : surplus queue size = 5760
Round 3470 : surplus queue size = 5766
Round 3480 : surplus queue size = 5786
Round 3490 : surplus queue size = 5798
Round 3500 : surplus queue size = 5810
Round 3510 : surplus queue size = 5824
Round 3520 : surplus queue size = 5838
Round 3530 : surplus queue size = 5842
Round 3540 : surplus queue size = 5852
Round 3550 : surplus queue size = 5866
Round 3560 : surplus queue size = 5878
Round 3570 : surplus queue size = 5890
Round 3580 : surplus queue size = 5890
Round 3590 : surplus queue size = 5902
Round 3600 : surplus queue size = 5912
Round 3610 : surplus queue size = 5918
Round 3620 : surplus queue size = 5932
Round 3630 : surplus queue size = 5942
Round 3640 : surplus queue size = 5950
Round 3650 : surplus queue size = 5956
Round 3660 : surplus queue size = 5970
Round 3670 : surplus queue size = 5978
Round 3680 : surplus queue size = 5992
Round 3690 : surplus queue size = 6000
Round 3700 : surplus queue size = 6006
Round 3710 : surplus queue size = 6018
Round 3720 : surplus queue size = 6030
Round 3730 : surplus queue size = 6040
Round 3740 : surplus queue size = 6048
Round 3750 : surplus queue size = 6058
Round 3760 : surplus queue size = 6068
Round 3770 : surplus queue size = 6082
Round 3780 : surplus queue size = 6098
Round 3790 : surplus queue size = 6106
Round 3800 : surplus queue size = 6114
Round 3810 : surplus queue size = 6126
Round 3820 : surplus queue size = 6128
Round 3830 : surplus queue size = 6144
Round 3840 : surplus queue size = 6154
Round 3850 : surplus queue size = 6164
Round 3860 : surplus queue size = 6170
Round 3870 : surplus queue size = 6176
Round 3880 : surplus queue size = 6188
Round 3890 : surplus queue size = 6202
Round 3900 : surplus queue size = 6212
Round 3910 : surplus queue size = 6224
Round 3920 : surplus queue size = 6236
Round 3930 : surplus queue size = 6242
Round 3940 : surplus queue size = 6260
Round 3950 : surplus queue size = 6264
Round 3960 : surplus queue size = 6272
Round 3970 : surplus queue size = 6276
Round 3980 : surplus queue size = 6286
Round 3990 : surplus queue size = 6292
Round 4000 : surplus queue size = 6304
Round 4010 : surplus queue size = 6308
Round 4020 : surplus queue size = 6310
Round 4030 : surplus queue size = 6324
Round 4040 : surplus queue size = 6332
Round 4050 : surplus queue size = 6340
Round 4060 : surplus queue size = 6348
Round 4070 : surplus queue size = 6356
Round 4080 : surplus queue size = 6366
Round 4090 : surplus queue size = 6370
Round 4100 : surplus queue size = 6380
Round 4110 : surplus queue size = 6392
Round 4120 : surplus queue size = 6404
Round 4130 : surplus queue size = 6414
Round 4140 : surplus queue size = 6424
Round 4150 : surplus queue size = 6440
Round 4160 : surplus queue size = 6442
Round 4170 : surplus queue size = 6460
Round 4180 : surplus queue size = 6470
Round 4190 : surplus queue size = 6482
Round 4200 : surplus queue size = 6490
Round 4210 : surplus queue size = 6496
Round 4220 : surplus queue size = 6508
Round 4230 : surplus queue size = 6514
Round 4240 : surplus queue size = 6520
Round 4250 : surplus queue size = 6524
Round 4260 : surplus queue size = 6532
Round 4270 : surplus queue size = 6538
Round 4280 : surplus queue size = 6536
Round 4290 : surplus queue size = 6554
Round 4300 : surplus queue size = 6562
Round 4310 : surplus queue size = 6564
Round 4320 : surplus queue size = 6572
Round 4330 : surplus queue size = 6578
Round 4340 : surplus queue size = 6578
Round 4350 : surplus queue size = 6588
Round 4360 : surplus queue size = 6596
Round 4370 : surplus queue size = 6600
Round 4380 : surplus queue size = 6610
Round 4390 : surplus queue size = 6624
Round 4400 : surplus queue size = 6626
Round 4410 : surplus queue size = 6638
Round 4420 : surplus queue size = 6652
Round 4430 : surplus queue size = 6666
Round 4440 : surplus queue size = 6668
Round 4450 : surplus queue size = 6674
Round 4460 : surplus queue size = 6680
Round 4470 : surplus queue size = 6694
Round 4480 : surplus queue size = 6704
Round 4490 : surplus queue size = 6710
Round 4500 : surplus queue size = 6712
Round 4510 : surplus queue size = 6720
Round 4520 : surplus queue size = 6732
Round 4530 : surplus queue size = 6740
Round 4540 : surplus queue size = 6748
Round 4550 : surplus queue size = 6762
Round 4560 : surplus queue size = 6768
Round 4570 : surplus queue size = 6776
Round 4580 : surplus queue size = 6780
Round 4590 : surplus queue size = 6782
Round 4600 : surplus queue size = 6792
Round 4610 : surplus queue size = 6802
Round 4620 : surplus queue size = 6808
Round 4630 : surplus queue size = 6814
Round 4640 : surplus queue size = 6820
Round 4650 : surplus queue size = 6822
Round 4660 : surplus queue size = 6830
Round 4670 : surplus queue size = 6834
Round 4680 : surplus queue size = 6838
Round 4690 : surplus queue size = 6848
Round 4700 : surplus queue size = 6852
Round 4710 : surplus queue size = 6858
Round 4720 : surplus queue size = 6868
Round 4730 : surplus queue size = 6876
Round 4740 : surplus queue size = 6882
Round 4750 : surplus queue size = 6890
Round 4760 : surplus queue size = 6900
Round 4770 : surplus queue size = 6904
Round 4780 : surplus queue size = 6908
Round 4790 : surplus queue size = 6918
Round 4800 : surplus queue size = 6914
Round 4810 : surplus queue size = 6928
Round 4820 : surplus queue size = 6930
Round 4830 : surplus queue size = 6938
Round 4840 : surplus queue size = 6940
Round 4850 : surplus queue size = 6954
Round 4860 : surplus queue size = 6964
Round 4870 : surplus queue size = 6972
Round 4880 : surplus queue size = 6984
Round 4890 : surplus queue size = 6988
Round 4900 : surplus queue size = 6992
Round 4910 : surplus queue size = 7004
Round 4920 : surplus queue size = 7006
Round 4930 : surplus queue size = 7008
Round 4940 : surplus queue size = 7014
Round 4950 : surplus queue size = 7020
Round 4960 : surplus queue size = 7030
Round 4970 : surplus queue size = 7034
Round 4980 : surplus queue size = 7034
Round 4990 : surplus queue size = 7036
Round 5000 : surplus queue size = 7044
Round 5010 : surplus queue size = 7050
Round 5020 : surplus queue size = 7058
Round 5030 : surplus queue size = 7066
Round 5040 : surplus queue size = 7064
Round 5050 : surplus queue size = 7068
Round 5060 : surplus queue size = 7072
Round 5070 : surplus queue size = 7078
Round 5080 : surplus queue size = 7088
Round 5090 : surplus queue size = 7098
Round 5100 : surplus queue size = 7100
Round 5110 : surplus queue size = 7108
Round 5120 : surplus queue size = 7122
Round 5130 : surplus queue size = 7124
Round 5140 : surplus queue size = 7126
Round 5150 : surplus queue size = 7132
Round 5160 : surplus queue size = 7140
Round 5170 : surplus queue size = 7148
Round 5180 : surplus queue size = 7150
Round 5190 : surplus queue size = 7150
Round 5200 : surplus queue size = 7154
Round 5210 : surplus queue size = 7160
Round 5220 : surplus queue size = 7166
Round 5230 : surplus queue size = 7166
Round 5240 : surplus queue size = 7166
Round 5250 : surplus queue size = 7168
Round 5260 : surplus queue size = 7174
Round 5270 : surplus queue size = 7184
Round 5280 : surplus queue size = 7188
Round 5290 : surplus queue size = 7188
Round 5300 : surplus queue size = 7190
Round 5310 : surplus queue size = 7198
Round 5320 : surplus queue size = 7196
Round 5330 : surplus queue size = 7192
Round 5340 : surplus queue size = 7200
Round 5350 : surplus queue size = 7196
Round 5360 : surplus queue size = 7200
Round 5370 : surplus queue size = 7200
Round 5380 : surplus queue size = 7208
Round 5390 : surplus queue size = 7210
Round 5400 : surplus queue size = 7218
Round 5410 : surplus queue size = 7224
Round 5420 : surplus queue size = 7230
Round 5430 : surplus queue size = 7236
Round 5440 : surplus queue size = 7244
Round 5450 : surplus queue size = 7250
Round 5460 : surplus queue size = 7246
Round 5470 : surplus queue size = 7252
Round 5480 : surplus queue size = 7256
Round 5490 : surplus queue size = 7266
Round 5500 : surplus queue size = 7274
Round 5510 : surplus queue size = 7274
Round 5520 : surplus queue size = 7280
Round 5530 : surplus queue size = 7286
Round 5540 : surplus queue size = 7290
Round 5550 : surplus queue size = 7298
Round 5560 : surplus queue size = 7300
Round 5570 : surplus queue size = 7312
Round 5580 : surplus queue size = 7322
Round 5590 : surplus queue size = 7330
Round 5600 : surplus queue size = 7336
Round 5610 : surplus queue size = 7334
Round 5620 : surplus queue size = 7338
Round 5630 : surplus queue size = 7338
Round 5640 : surplus queue size = 7346
Round 5650 : surplus queue size = 7360
Round 5660 : surplus queue size = 7362
Round 5670 : surplus queue size = 7356
Round 5680 : surplus queue size = 7352
Round 5690 : surplus queue size = 7358
Round 5700 : surplus queue size = 7360
Round 5710 : surplus queue size = 7368
Round 5720 : surplus queue size = 7380
Round 5730 : surplus queue size = 7384
Round 5740 : surplus queue size = 7386
Round 5750 : surplus queue size = 7398
Round 5760 : surplus queue size = 7404
Round 5770 : surplus queue size = 7410
Round 5780 : surplus queue size = 7408
Round 5790 : surplus queue size = 7406
Round 5800 : surplus queue size = 7402
Round 5810 : surplus queue size = 7404
Round 5820 : surplus queue size = 7410
Round 5830 : surplus queue size = 7410
Round 5840 : surplus queue size = 7418
Round 5850 : surplus queue size = 7428
Round 5860 : surplus queue size = 7426
Round 5870 : surplus queue size = 7428
Round 5880 : surplus queue size = 7436
Round 5890 : surplus queue size = 7442
Round 5900 : surplus queue size = 7440
Round 5910 : surplus queue size = 7444
Round 5920 : surplus queue size = 7452
Round 5930 : surplus queue size = 7448
Round 5940 : surplus queue size = 7442
Round 5950 : surplus queue size = 7442
Round 5960 : surplus queue size = 7454
Round 5970 : surplus queue size = 7456
Round 5980 : surplus queue size = 7448
Round 5990 : surplus queue size = 7446
Round 6000 : surplus queue size = 7444
Round 6010 : surplus queue size = 7452
Round 6020 : surplus queue size = 7448
Round 6030 : surplus queue size = 7446
Round 6040 : surplus queue size = 7450
Round 6050 : surplus queue size = 7462
Round 6060 : surplus queue size = 7460
Round 6070 : surplus queue size = 7462
Round 6080 : surplus queue size = 7462
Round 6090 : surplus queue size = 7462
Round 6100 : surplus queue size = 7464
Round 6110 : surplus queue size = 7466
Round 6120 : surplus queue size = 7464
Round 6130 : surplus queue size = 7468
Round 6140 : surplus queue size = 7472
Round 6150 : surplus queue size = 7478
Round 6160 : surplus queue size = 7488
Round 6170 : surplus queue size = 7492
Round 6180 : surplus queue size = 7494
Round 6190 : surplus queue size = 7504
Round 6200 : surplus queue size = 7508
Round 6210 : surplus queue size = 7508
Round 6220 : surplus queue size = 7512
Round 6230 : surplus queue size = 7518
Round 6240 : surplus queue size = 7518
Round 6250 : surplus queue size = 7520
Round 6260 : surplus queue size = 7518
Round 6270 : surplus queue size = 7520
Round 6280 : surplus queue size = 7524
Round 6290 : surplus queue size = 7530
Round 6300 : surplus queue size = 7530
Round 6310 : surplus queue size = 7526
Round 6320 : surplus queue size = 7530
Round 6330 : surplus queue size = 7540
Round 6340 : surplus queue size = 7542
Round 6350 : surplus queue size = 7538
Round 6360 : surplus queue size = 7538
Round 6370 : surplus queue size = 7546
Round 6380 : surplus queue size = 7546
Round 6390 : surplus queue size = 7550
Round 6400 : surplus queue size = 7552
Round 6410 : surplus queue size = 7544
Round 6420 : surplus queue size = 7546
Round 6430 : surplus queue size = 7546
Round 6440 : surplus queue size = 7550
Round 6450 : surplus queue size = 7546
Round 6460 : surplus queue size = 7544
Round 6470 : surplus queue size = 7544
Round 6480 : surplus queue size = 7540
Round 6490 : surplus queue size = 7534
Round 6500 : surplus queue size = 7534
Round 6510 : surplus queue size = 7534
Round 6520 : surplus queue size = 7544
Round 6530 : surplus queue size = 7544
Round 6540 : surplus queue size = 7556
Round 6550 : surplus queue size = 7566
Round 6560 : surplus queue size = 7562
Round 6570 : surplus queue size = 7564
Round 6580 : surplus queue size = 7566
Round 6590 : surplus queue size = 7568
Round 6600 : surplus queue size = 7568
Round 6610 : surplus queue size = 7568
Round 6620 : surplus queue size = 7570
Round 6630 : surplus queue size = 7562
Round 6640 : surplus queue size = 7558
Round 6650 : surplus queue size = 7562
Round 6660 : surplus queue size = 7570
Round 6670 : surplus queue size = 7576
Round 6680 : surplus queue size = 7580
Round 6690 : surplus queue size = 7572
Round 6700 : surplus queue size = 7572
Round 6710 : surplus queue size = 7568
Round 6720 : surplus queue size = 7574
Round 6730 : surplus queue size = 7572
Round 6740 : surplus queue size = 7570
Round 6750 : surplus queue size = 7578
Round 6760 : surplus queue size = 7578
Round 6770 : surplus queue size = 7586
Round 6780 : surplus queue size = 7588
Round 6790 : surplus queue size = 7584
Round 6800 : surplus queue size = 7574
Round 6810 : surplus queue size = 7574
Round 6820 : surplus queue size = 7568
Round 6830 : surplus queue size = 7574
Round 6840 : surplus queue size = 7580
Round 6850 : surplus queue size = 7588
Round 6860 : surplus queue size = 7590
Round 6870 : surplus queue size = 7592
Round 6880 : surplus queue size = 7590
Round 6890 : surplus queue size = 7598
Round 6900 : surplus queue size = 7604
Round 6910 : surplus queue size = 7610
Round 6920 : surplus queue size = 7612
Round 6930 : surplus queue size = 7610
Round 6940 : surplus queue size = 7612
Round 6950 : surplus queue size = 7620
Round 6960 : surplus queue size = 7622
Round 6970 : surplus queue size = 7612
Round 6980 : surplus queue size = 7614
Round 6990 : surplus queue size = 7608
Round 7000 : surplus queue size = 7608
Round 7010 : surplus queue size = 7604
Round 7020 : surplus queue size = 7604
Round 7030 : surplus queue size = 7598
Round 7040 : surplus queue size = 7600
Round 7050 : surplus queue size = 7596
Round 7060 : surplus queue size = 7596
Round 7070 : surplus queue size = 7592
Round 7080 : surplus queue size = 7586
Round 7090 : surplus queue size = 7588
Round 7100 : surplus queue size = 7594
Round 7110 : surplus queue size = 7588
Round 7120 : surplus queue size = 7582
Round 7130 : surplus queue size = 7584
Round 7140 : surplus queue size = 7584
Round 7150 : surplus queue size = 7586
Round 7160 : surplus queue size = 7586
Round 7170 : surplus queue size = 7578
Round 7180 : surplus queue size = 7588
Round 7190 : surplus queue size = 7582
Round 7200 : surplus queue size = 7582
Round 7210 : surplus queue size = 7584
Round 7220 : surplus queue size = 7574
Round 7230 : surplus queue size = 7576
Round 7240 : surplus queue size = 7574
Round 7250 : surplus queue size = 7576
Round 7260 : surplus queue size = 7568
Round 7270 : surplus queue size = 7582
Round 7280 : surplus queue size = 7586
Round 7290 : surplus queue size = 7582
Round 7300 : surplus queue size = 7588
Round 7310 : surplus queue size = 7598
Round 7320 : surplus queue size = 7600
Round 7330 : surplus queue size = 7598
Round 7340 : surplus queue size = 7600
Round 7350 : surplus queue size = 7596
Round 7360 : surplus queue size = 7600
Round 7370 : surplus queue size = 7594
Round 7380 : surplus queue size = 7590
Round 7390 : surplus queue size = 7600
Round 7400 : surplus queue size = 7608
Round 7410 : surplus queue size = 7606
Round 7420 : surplus queue size = 7604
Round 7430 : surplus queue size = 7606
Round 7440 : surplus queue size = 7612
Round 7450 : surplus queue size = 7614
Round 7460 : surplus queue size = 7614
Round 7470 : surplus queue size = 7610
Round 7480 : surplus queue size = 7612
Round 7490 : surplus queue size = 7606
Round 7500 : surplus queue size = 7604
Round 7510 : surplus queue size = 7600
Round 7520 : surplus queue size = 7602
Round 7530 : surplus queue size = 7598
Round 7540 : surplus queue size = 7600
Round 7550 : surplus queue size = 7602
Round 7560 : surplus queue size = 7604
Round 7570 : surplus queue size = 7602
Round 7580 : surplus queue size = 7602
Round 7590 : surplus queue size = 7606
Round 7600 : surplus queue size = 7608
Round 7610 : surplus queue size = 7604
Round 7620 : surplus queue size = 7604
Round 7630 : surplus queue size = 7604
Round 7640 : surplus queue size = 7598
Round 7650 : surplus queue size = 7596
Round 7660 : surplus queue size = 7590
Round 7670 : surplus queue size = 7576
Round 7680 : surplus queue size = 7576
Round 7690 : surplus queue size = 7578
Round 7700 : surplus queue size = 7570
Round 7710 : surplus queue size = 7578
Round 7720 : surplus queue size = 7576
Round 7730 : surplus queue size = 7574
Round 7740 : surplus queue size = 7574
Round 7750 : surplus queue size = 7570
Round 7760 : surplus queue size = 7568
Round 7770 : surplus queue size = 7566
Round 7780 : surplus queue size = 7572
Round 7790 : surplus queue size = 7576
Round 7800 : surplus queue size = 7568
Round 7810 : surplus queue size = 7570
Round 7820 : surplus queue size = 7568
Round 7830 : surplus queue size = 7554
Round 7840 : surplus queue size = 7552
Round 7850 : surplus queue size = 7542
Round 7860 : surplus queue size = 7542
Round 7870 : surplus queue size = 7538
Round 7880 : surplus queue size = 7536
Round 7890 : surplus queue size = 7540
Round 7900 : surplus queue size = 7538
Round 7910 : surplus queue size = 7532
Round 7920 : surplus queue size = 7542
Round 7930 : surplus queue size = 7538
Round 7940 : surplus queue size = 7526
Round 7950 : surplus queue size = 7518
Round 7960 : surplus queue size = 7510
Round 7970 : surplus queue size = 7512
Round 7980 : surplus queue size = 7516
Round 7990 : surplus queue size = 7514
Round 8000 : surplus queue size = 7510
Round 8010 : surplus queue size = 7508
Round 8020 : surplus queue size = 7500
Round 8030 : surplus queue size = 7496
Round 8040 : surplus queue size = 7500
Round 8050 : surplus queue size = 7496
Round 8060 : surplus queue size = 7490
Round 8070 : surplus queue size = 7482
Round 8080 : surplus queue size = 7476
Round 8090 : surplus queue size = 7476
Round 8100 : surplus queue size = 7472
Round 8110 : surplus queue size = 7470
Round 8120 : surplus queue size = 7464
Round 8130 : surplus queue size = 7466
Round 8140 : surplus queue size = 7468
Round 8150 : surplus queue size = 7470
Round 8160 : surplus queue size = 7466
Round 8170 : surplus queue size = 7464
Round 8180 : surplus queue size = 7456
Round 8190 : surplus queue size = 7452
Round 8200 : surplus queue size = 7458
Round 8210 : surplus queue size = 7458
Round 8220 : surplus queue size = 7460
Round 8230 : surplus queue size = 7458
Round 8240 : surplus queue size = 7456
Round 8250 : surplus queue size = 7452
Round 8260 : surplus queue size = 7452
Round 8270 : surplus queue size = 7454
Round 8280 : surplus queue size = 7446
Round 8290 : surplus queue size = 7442
Round 8300 : surplus queue size = 7444
Round 8310 : surplus queue size = 7440
Round 8320 : surplus queue size = 7442
Round 8330 : surplus queue size = 7434
Round 8340 : surplus queue size = 7436
Round 8350 : surplus queue size = 7436
Round 8360 : surplus queue size = 7440
Round 8370 : surplus queue size = 7442
Round 8380 : surplus queue size = 7430
Round 8390 : surplus queue size = 7432
Round 8400 : surplus queue size = 7424
Round 8410 : surplus queue size = 7410
Round 8420 : surplus queue size = 7408
Round 8430 : surplus queue size = 7408
Round 8440 : surplus queue size = 7402
Round 8450 : surplus queue size = 7406
Round 8460 : surplus queue size = 7402
Round 8470 : surplus queue size = 7402
Round 8480 : surplus queue size = 7400
Round 8490 : surplus queue size = 7400
Round 8500 : surplus queue size = 7400
Round 8510 : surplus queue size = 7390
Round 8520 : surplus queue size = 7388
Round 8530 : surplus queue size = 7384
Round 8540 : surplus queue size = 7380
Round 8550 : surplus queue size = 7378
Round 8560 : surplus queue size = 7374
Round 8570 : surplus queue size = 7376
Round 8580 : surplus queue size = 7382
Round 8590 : surplus queue size = 1848
Round 8600 : surplus queue size = 1834
Round 8610 : surplus queue size = 1824
Round 8620 : surplus queue size = 1816
Round 8630 : surplus queue size = 1804
Round 8640 : surplus queue size = 1796
Round 8650 : surplus queue size = 1784
Round 8660 : surplus queue size = 1772
Round 8670 : surplus queue size = 1762
Round 8680 : surplus queue size = 1744
Round 8690 : surplus queue size = 1734
Round 8700 : surplus queue size = 1718
Round 8710 : surplus queue size = 1706
Round 8720 : surplus queue size = 1698
Round 8730 : surplus queue size = 1682
Round 8740 : surplus queue size = 1670
Round 8750 : surplus queue size = 1658
Round 8760 : surplus queue size = 1644
Round 8770 : surplus queue size = 1634
Round 8780 : surplus queue size = 1624
Round 8790 : surplus queue size = 1606
Round 8800 : surplus queue size = 1590
Round 8810 : surplus queue size = 1582
Round 8820 : surplus queue size = 1568
Round 8830 : surplus queue size = 1558
Round 8840 : surplus queue size = 1544
Round 8850 : surplus queue size = 1534
Round 8860 : surplus queue size = 1522
Round 8870 : surplus queue size = 1508
Round 8880 : surplus queue size = 1498
Round 8890 : surplus queue size = 1482
Round 8900 : surplus queue size = 1470
Round 8910 : surplus queue size = 1460
Round 8920 : surplus queue size = 1446
Round 8930 : surplus queue size = 1434
Round 8940 : surplus queue size = 1420
Round 8950 : surplus queue size = 1404
Round 8960 : surplus queue size = 1396
Round 8970 : surplus queue size = 1386
Round 8980 : surplus queue size = 1374
Round 8990 : surplus queue size = 1364
Round 9000 : surplus queue size = 1348
Round 9010 : surplus queue size = 1338
Round 9020 : surplus queue size = 1326
Round 9030 : surplus queue size = 1320
Round 9040 : surplus queue size = 1310
Round 9050 : surplus queue size = 1294
Round 9060 : surplus queue size = 1284
Round 9070 : surplus queue size = 1270
Round 9080 : surplus queue size = 1260
Round 9090 : surplus queue size = 1248
Round 9100 : surplus queue size = 1242
Round 9110 : surplus queue size = 1236
Round 9120 : surplus queue size = 1222
Round 9130 : surplus queue size = 1214
Round 9140 : surplus queue size = 1194
Round 9150 : surplus queue size = 1176
Round 9160 : surplus queue size = 1162
Round 9170 : surplus queue size = 1148
Round 9180 : surplus queue size = 1134
Round 9190 : surplus queue size = 1120
Round 9200 : surplus queue size = 1104
Round 9210 : surplus queue size = 1090
Round 9220 : surplus queue size = 1080
Round 9230 : surplus queue size = 1068
Round 9240 : surplus queue size = 1058
Round 9250 : surplus queue size = 1048
Round 9260 : surplus queue size = 1034
Round 9270 : surplus queue size = 1020
Round 9280 : surplus queue size = 1012
Round 9290 : surplus queue size = 994
Round 9300 : surplus queue size = 982
Round 9310 : surplus queue size = 970
Round 9320 : surplus queue size = 960
Round 9330 : surplus queue size = 950
Round 9340 : surplus queue size = 936
Round 9350 : surplus queue size = 926
Round 9360 : surplus queue size = 916
Round 9370 : surplus queue size = 902
Round 9380 : surplus queue size = 882
Round 9390 : surplus queue size = 864
Round 9400 : surplus queue size = 850
Round 9410 : surplus queue size = 836
Round 9420 : surplus queue size = 824
Round 9430 : surplus queue size = 814
Round 9440 : surplus queue size = 798
Round 9450 : surplus queue size = 786
Round 9460 : surplus queue size = 778
Round 9470 : surplus queue size = 764
Round 9480 : surplus queue size = 750
Round 9490 : surplus queue size = 744
Round 9500 : surplus queue size = 730
Round 9510 : surplus queue size = 722
Round 9520 : surplus queue size = 702
Round 9530 : surplus queue size = 688
Round 9540 : surplus queue size = 674
Round 9550 : surplus queue size = 666
Round 9560 : surplus queue size = 648
Round 9570 : surplus queue size = 632
Round 9580 : surplus queue size = 620
Round 9590 : surplus queue size = 604
Round 9600 : surplus queue size = 590
Round 9610 : surplus queue size = 576
Round 9620 : surplus queue size = 560
Round 9630 : surplus queue size = 542
Round 9640 : surplus queue size = 530
Round 9650 : surplus queue size = 516
Round 9660 : surplus queue size = 502
Round 9670 : surplus queue size = 490
Round 9680 : surplus queue size = 484
Round 9690 : surplus queue size = 468
Round 9700 : surplus queue size = 452
Round 9710 : surplus queue size = 432
Round 9720 : surplus queue size = 416
Round 9730 : surplus queue size = 404
Round 9740 : surplus queue size = 386
Round 9750 : surplus queue size = 368
Round 9760 : surplus queue size = 360
Round 9770 : surplus queue size = 352
Round 9780 : surplus queue size = 340
Round 9790 : surplus queue size = 322
Round 9800 : surplus queue size = 306
Round 9810 : surplus queue size = 292
Round 9820 : surplus queue size = 274
Round 9830 : surplus queue size = 258
Round 9840 : surplus queue size = 248
Round 9850 : surplus queue size = 236
Round 9860 : surplus queue size = 218
Round 9870 : surplus queue size = 204
Round 9880 : surplus queue size = 194
Round 9890 : surplus queue size = 180
Round 9900 : surplus queue size = 172
Round 9910 : surplus queue size = 162
Round 9920 : surplus queue size = 152
Round 9930 : surplus queue size = 138
Round 9940 : surplus queue size = 122
Round 9950 : surplus queue size = 108
Round 9960 : surplus queue size = 90
Round 9970 : surplus queue size = 74
Round 9980 : surplus queue size = 62
Round 9990 : surplus queue size = 50
Round 10000 : surplus queue size = 36
Round 10010 : surplus queue size = 22
Round 10020 : surplus queue size = 8
Final value: 3776.0000
Finished in 10025 rounds
TIME=1003.766320
