FILENAME=/scratch/dk3105/mcbb-mpi/test_data/er__0_5__80__2.csv
WORKERS=1
INEQUALITIES=200
Round 0 : saturation achieved
Round 0 : surplus queue size = 0
Round 10 : surplus queue size = 10
Round 20 : surplus queue size = 20
Round 30 : surplus queue size = 30
Round 40 : surplus queue size = 40
Round 50 : surplus queue size = 50
Round 60 : surplus queue size = 60
Round 70 : surplus queue size = 70
Round 80 : surplus queue size = 80
Round 90 : surplus queue size = 90
Round 100 : surplus queue size = 100
Round 110 : surplus queue size = 110
Round 120 : surplus queue size = 120
Round 130 : surplus queue size = 130
Round 140 : surplus queue size = 140
Round 150 : surplus queue size = 150
Round 160 : surplus queue size = 160
Round 170 : surplus queue size = 170
Round 180 : surplus queue size = 180
Round 190 : surplus queue size = 190
Round 200 : surplus queue size = 200
Round 210 : surplus queue size = 210
Round 220 : surplus queue size = 220
Round 230 : surplus queue size = 230
Round 240 : surplus queue size = 240
Round 250 : surplus queue size = 250
Round 260 : surplus queue size = 260
Round 270 : surplus queue size = 270
Round 280 : surplus queue size = 280
Round 290 : surplus queue size = 290
Round 300 : surplus queue size = 300
Round 310 : surplus queue size = 310
Round 320 : surplus queue size = 320
Round 330 : surplus queue size = 330
Round 340 : surplus queue size = 340
Round 350 : surplus queue size = 350
Round 360 : surplus queue size = 360
Round 370 : surplus queue size = 370
Round 380 : surplus queue size = 380
Round 390 : surplus queue size = 390
Round 400 : surplus queue size = 400
Round 410 : surplus queue size = 410
Round 420 : surplus queue size = 420
Round 430 : surplus queue size = 430
Round 440 : surplus queue size = 440
Round 450 : surplus queue size = 450
Round 460 : surplus queue size = 460
Round 470 : surplus queue size = 470
Round 480 : surplus queue size = 480
Round 490 : surplus queue size = 490
Round 500 : surplus queue size = 500
Round 510 : surplus queue size = 510
Round 520 : surplus queue size = 520
Round 530 : surplus queue size = 530
Round 540 : surplus queue size = 540
Round 550 : surplus queue size = 550
Round 560 : surplus queue size = 560
Round 570 : surplus queue size = 570
Round 580 : surplus queue size = 580
Round 590 : surplus queue size = 590
Round 600 : surplus queue size = 600
Round 610 : surplus queue size = 610
Round 620 : surplus queue size = 620
Round 630 : surplus queue size = 630
Round 640 : surplus queue size = 640
Round 650 : surplus queue size = 650
Round 660 : surplus queue size = 660
Round 670 : surplus queue size = 670
Round 680 : surplus queue size = 680
Round 690 : surplus queue size = 690
Round 700 : surplus queue size = 700
Round 710 : surplus queue size = 710
Round 720 : surplus queue size = 720
Round 730 : surplus queue size = 730
Round 740 : surplus queue size = 740
Round 750 : surplus queue size = 750
Round 760 : surplus queue size = 760
Round 770 : surplus queue size = 770
Round 780 : surplus queue size = 780
Round 790 : surplus queue size = 790
Round 800 : surplus queue size = 800
Round 810 : surplus queue size = 810
Round 820 : surplus queue size = 820
Round 830 : surplus queue size = 830
Round 840 : surplus queue size = 840
Round 850 : surplus queue size = 850
Round 860 : surplus queue size = 860
Round 870 : surplus queue size = 870
Round 880 : surplus queue size = 880
Round 890 : surplus queue size = 890
Round 900 : surplus queue size = 900
Round 910 : surplus queue size = 910
Round 920 : surplus queue size = 920
Round 930 : surplus queue size = 930
Round 940 : surplus queue size = 940
Round 950 : surplus queue size = 950
Round 960 : surplus queue size = 960
Round 970 : surplus queue size = 970
Round 980 : surplus queue size = 980
Round 990 : surplus queue size = 990
Round 1000 : surplus queue size = 1000
Round 1010 : surplus queue size = 1010
Round 1020 : surplus queue size = 1020
Round 1030 : surplus queue size = 1028
Round 1040 : surplus queue size = 1036
Round 1050 : surplus queue size = 1046
Round 1060 : surplus queue size = 1056
Round 1070 : surplus queue size = 1066
Round 1080 : surplus queue size = 1076
Round 1090 : surplus queue size = 1086
Round 1100 : surplus queue size = 1096
Round 1110 : surplus queue size = 1106
Round 1120 : surplus queue size = 1116
Round 1130 : surplus queue size = 1126
Round 1140 : surplus queue size = 1136
Round 1150 : surplus queue size = 1146
Round 1160 : surplus queue size = 1154
Round 1170 : surplus queue size = 1164
Round 1180 : surplus queue size = 1174
Round 1190 : surplus queue size = 1184
Round 1200 : surplus queue size = 1194
Round 1210 : surplus queue size = 1204
Round 1220 : surplus queue size = 1214
Round 1230 : surplus queue size = 1224
Round 1240 : surplus queue size = 1234
Round 1250 : surplus queue size = 1244
Round 1260 : surplus queue size = 1254
Round 1270 : surplus queue size = 1264
Round 1280 : surplus queue size = 1274
Round 1290 : surplus queue size = 1282
Round 1300 : surplus queue size = 1292
Round 1310 : surplus queue size = 1302
Round 1320 : surplus queue size = 1312
Round 1330 : surplus queue size = 1322
Round 1340 : surplus queue size = 1332
Round 1350 : surplus queue size = 1342
Round 1360 : surplus queue size = 1350
Round 1370 : surplus queue size = 1360
Round 1380 : surplus queue size = 1370
Round 1390 : surplus queue size = 1380
Round 1400 : surplus queue size = 1390
Round 1410 : surplus queue size = 1400
Round 1420 : surplus queue size = 1410
Round 1430 : surplus queue size = 1420
Round 1440 : surplus queue size = 1430
Round 1450 : surplus queue size = 1440
Round 1460 : surplus queue size = 1450
Round 1470 : surplus queue size = 1460
Round 1480 : surplus queue size = 1470
Round 1490 : surplus queue size = 1480
Round 1500 : surplus queue size = 1490
Round 1510 : surplus queue size = 1498
Round 1520 : surplus queue size = 1508
Round 1530 : surplus queue size = 1518
Round 1540 : surplus queue size = 1528
Round 1550 : surplus queue size = 1538
Round 1560 : surplus queue size = 1546
Round 1570 : surplus queue size = 1556
Round 1580 : surplus queue size = 1566
Round 1590 : surplus queue size = 1576
Round 1600 : surplus queue size = 1586
Round 1610 : surplus queue size = 1596
Round 1620 : surplus queue size = 1606
Round 1630 : surplus queue size = 1616
Round 1640 : surplus queue size = 1626
Round 1650 : surplus queue size = 1636
Round 1660 : surplus queue size = 1644
Round 1670 : surplus queue size = 1654
Round 1680 : surplus queue size = 1664
Round 1690 : surplus queue size = 1674
Round 1700 : surplus queue size = 1684
Round 1710 : surplus queue size = 1694
Round 1720 : surplus queue size = 1704
Round 1730 : surplus queue size = 1714
Round 1740 : surplus queue size = 1722
Round 1750 : surplus queue size = 1732
Round 1760 : surplus queue size = 1742
Round 1770 : surplus queue size = 1752
Round 1780 : surplus queue size = 1762
Round 1790 : surplus queue size = 1772
Round 1800 : surplus queue size = 1782
Round 1810 : surplus queue size = 1792
Round 1820 : surplus queue size = 1802
Round 1830 : surplus queue size = 1812
Round 1840 : surplus queue size = 1822
Round 1850 : surplus queue size = 1832
Round 1860 : surplus queue size = 1842
Round 1870 : surplus queue size = 1852
Round 1880 : surplus queue size = 1860
Round 1890 : surplus queue size = 1870
Round 1900 : surplus queue size = 1880
Round 1910 : surplus queue size = 1888
Round 1920 : surplus queue size = 1896
Round 1930 : surplus queue size = 1904
Round 1940 : surplus queue size = 1912
Round 1950 : surplus queue size = 1922
Round 1960 : surplus queue size = 1932
Round 1970 : surplus queue size = 1942
Round 1980 : surplus queue size = 1950
Round 1990 : surplus queue size = 1960
Round 2000 : surplus queue size = 1968
Round 2010 : surplus queue size = 1978
Round 2020 : surplus queue size = 1988
Round 2030 : surplus queue size = 1998
Round 2040 : surplus queue size = 2008
Round 2050 : surplus queue size = 2018
Round 2060 : surplus queue size = 2028
Round 2070 : surplus queue size = 2038
Round 2080 : surplus queue size = 2046
Round 2090 : surplus queue size = 2056
Round 2100 : surplus queue size = 2066
Round 2110 : surplus queue size = 2076
Round 2120 : surplus queue size = 2086
Round 2130 : surplus queue size = 2096
Round 2140 : surplus queue size = 2106
Round 2150 : surplus queue size = 2116
Round 2160 : surplus queue size = 2126
Round 2170 : surplus queue size = 2136
Round 2180 : surplus queue size = 2144
Round 2190 : surplus queue size = 2154
Round 2200 : surplus queue size = 2164
Round 2210 : surplus queue size = 2174
Round 2220 : surplus queue size = 2184
Round 2230 : surplus queue size = 2192
Round 2240 : surplus queue size = 2202
Round 2250 : surplus queue size = 2212
Round 2260 : surplus queue size = 2222
Round 2270 : surplus queue size = 2230
Round 2280 : surplus queue size = 2240
Round 2290 : surplus queue size = 2250
Round 2300 : surplus queue size = 2260
Round 2310 : surplus queue size = 2268
Round 2320 : surplus queue size = 2278
Round 2330 : surplus queue size = 2286
Round 2340 : surplus queue size = 2296
Round 2350 : surplus queue size = 2304
Round 2360 : surplus queue size = 2312
Round 2370 : surplus queue size = 2322
Round 2380 : surplus queue size = 2332
Round 2390 : surplus queue size = 2342
Round 2400 : surplus queue size = 2352
Round 2410 : surplus queue size = 2360
Round 2420 : surplus queue size = 2370
Round 2430 : surplus queue size = 2376
Round 2440 : surplus queue size = 2386
Round 2450 : surplus queue size = 2394
Round 2460 : surplus queue size = 2404
Round 2470 : surplus queue size = 2410
Round 2480 : surplus queue size = 2420
Round 2490 : surplus queue size = 2428
Round 2500 : surplus queue size = 2438
Round 2510 : surplus queue size = 2448
Round 2520 : surplus queue size = 2456
Round 2530 : surplus queue size = 2464
Round 2540 : surplus queue size = 2474
Round 2550 : surplus queue size = 2482
Round 2560 : surplus queue size = 2490
Round 2570 : surplus queue size = 2500
Round 2580 : surplus queue size = 2510
Round 2590 : surplus queue size = 2520
Round 2600 : surplus queue size = 2530
Round 2610 : surplus queue size = 2540
Round 2620 : surplus queue size = 2550
Round 2630 : surplus queue size = 2558
Round 2640 : surplus queue size = 2566
Round 2650 : surplus queue size = 2570
Round 2660 : surplus queue size = 2580
Round 2670 : surplus queue size = 2590
Round 2680 : surplus queue size = 2598
Round 2690 : surplus queue size = 2608
Round 2700 : surplus queue size = 2618
Round 2710 : surplus queue size = 2628
Round 2720 : surplus queue size = 2638
Round 2730 : surplus queue size = 2648
Round 2740 : surplus queue size = 2656
Round 2750 : surplus queue size = 2666
Round 2760 : surplus queue size = 2672
Round 2770 : surplus queue size = 2682
Round 2780 : surplus queue size = 2690
Round 2790 : surplus queue size = 2700
Round 2800 : surplus queue size = 2706
Round 2810 : surplus queue size = 2716
Round 2820 : surplus queue size = 2726
Round 2830 : surplus queue size = 2736
Round 2840 : surplus queue size = 2746
Round 2850 : surplus queue size = 2752
Round 2860 : surplus queue size = 2762
Round 2870 : surplus queue size = 2772
Round 2880 : surplus queue size = 2780
Round 2890 : surplus queue size = 2790
Round 2900 : surplus queue size = 2800
Round 2910 : surplus queue size = 2810
Round 2920 : surplus queue size = 2820
Round 2930 : surplus queue size = 2828
Round 2940 : surplus queue size = 2836
Round 2950 : surplus queue size = 2844
Round 2960 : surplus queue size = 2852
Round 2970 : surplus queue size = 2860
Round 2980 : surplus queue size = 2866
Round 2990 : surplus queue size = 2876
Round 3000 : surplus queue size = 2886
Round 3010 : surplus queue size = 2896
Round 3020 : surplus queue size = 2906
Round 3030 : surplus queue size = 2916
Round 3040 : surplus queue size = 2926
Round 3050 : surplus queue size = 2934
Round 3060 : surplus queue size = 2944
Round 3070 : surplus queue size = 2952
Round 3080 : surplus queue size = 2960
Round 3090 : surplus queue size = 2968
Round 3100 : surplus queue size = 2976
Round 3110 : surplus queue size = 2982
Round 3120 : surplus queue size = 2988
Round 3130 : surplus queue size = 2998
Round 3140 : surplus queue size = 3008
Round 3150 : surplus queue size = 3016
Round 3160 : surplus queue size = 3024
Round 3170 : surplus queue size = 3034
Round 3180 : surplus queue size = 3042
Round 3190 : surplus queue size = 3050
Round 3200 : surplus queue size = 3060
Round 3210 : surplus queue size = 3068
Round 3220 : surplus queue size = 3076
Round 3230 : surplus queue size = 3086
Round 3240 : surplus queue size = 3096
Round 3250 : surplus queue size = 3106
Round 3260 : surplus queue size = 3116
Round 3270 : surplus queue size = 3124
Round 3280 : surplus queue size = 3134
Round 3290 : surplus queue size = 3140
Round 3300 : surplus queue size = 3150
Round 3310 : surplus queue size = 3156
Round 3320 : surplus queue size = 3166
Round 3330 : surplus queue size = 3176
Round 3340 : surplus queue size = 3186
Round 3350 : surplus queue size = 3196
Round 3360 : surplus queue size = 3206
Round 3370 : surplus queue size = 3216
Round 3380 : surplus queue size = 3224
Round 3390 : surplus queue size = 3230
Round 3400 : surplus queue size = 3234
Round 3410 : surplus queue size = 3244
Round 3420 : surplus queue size = 3254
Round 3430 : surplus queue size = 3260
Round 3440 : surplus queue size = 3266
Round 3450 : surplus queue size = 3276
Round 3460 : surplus queue size = 3286
Round 3470 : surplus queue size = 3294
Round 3480 : surplus queue size = 3302
Round 3490 : surplus queue size = 3310
Round 3500 : surplus queue size = 3320
Round 3510 : surplus queue size = 3328
Round 3520 : surplus queue size = 3336
Round 3530 : surplus queue size = 3344
Round 3540 : surplus queue size = 3354
Round 3550 : surplus queue size = 3364
Round 3560 : surplus queue size = 3374
Round 3570 : surplus queue size = 3384
Round 3580 : surplus queue size = 3392
Round 3590 : surplus queue size = 3402
Round 3600 : surplus queue size = 3412
Round 3610 : surplus queue size = 3422
Round 3620 : surplus queue size = 3432
Round 3630 : surplus queue size = 3440
Round 3640 : surplus queue size = 3450
Round 3650 : surplus queue size = 3460
Round 3660 : surplus queue size = 3468
Round 3670 : surplus queue size = 3478
Round 3680 : surplus queue size = 3486
Round 3690 : surplus queue size = 3494
Round 3700 : surplus queue size = 3502
Round 3710 : surplus queue size = 3508
Round 3720 : surplus queue size = 3516
Round 3730 : surplus queue size = 3524
Round 3740 : surplus queue size = 3534
Round 3750 : surplus queue size = 3544
Round 3760 : surplus queue size = 3552
Round 3770 : surplus queue size = 3560
Round 3780 : surplus queue size = 3570
Round 3790 : surplus queue size = 3576
Round 3800 : surplus queue size = 3584
Round 3810 : surplus queue size = 3594
Round 3820 : surplus queue size = 3600
Round 3830 : surplus queue size = 3610
Round 3840 : surplus queue size = 3618
Round 3850 : surplus queue size = 3628
Round 3860 : surplus queue size = 3638
Round 3870 : surplus queue size = 3648
Round 3880 : surplus queue size = 3658
Round 3890 : surplus queue size = 3668
Round 3900 : surplus queue size = 3678
Round 3910 : surplus queue size = 3686
Round 3920 : surplus queue size = 3694
Round 3930 : surplus queue size = 3702
Round 3940 : surplus queue size = 3710
Round 3950 : surplus queue size = 3718
Round 3960 : surplus queue size = 3726
Round 3970 : surplus queue size = 3736
Round 3980 : surplus queue size = 3744
Round 3990 : surplus queue size = 3748
Round 4000 : surplus queue size = 3758
Round 4010 : surplus queue size = 3762
Round 4020 : surplus queue size = 3768
Round 4030 : surplus queue size = 3774
Round 4040 : surplus queue size = 3784
Round 4050 : surplus queue size = 3794
Round 4060 : surplus queue size = 3800
Round 4070 : surplus queue size = 3810
Round 4080 : surplus queue size = 3818
Round 4090 : surplus queue size = 3826
Round 4100 : surplus queue size = 3834
Round 4110 : surplus queue size = 3840
Round 4120 : surplus queue size = 3848
Round 4130 : surplus queue size = 3856
Round 4140 : surplus queue size = 3864
Round 4150 : surplus queue size = 3872
Round 4160 : surplus queue size = 3880
Round 4170 : surplus queue size = 3890
Round 4180 : surplus queue size = 3898
Round 4190 : surplus queue size = 3902
Round 4200 : surplus queue size = 3910
Round 4210 : surplus queue size = 3914
Round 4220 : surplus queue size = 3922
Round 4230 : surplus queue size = 3930
Round 4240 : surplus queue size = 3940
Round 4250 : surplus queue size = 3948
Round 4260 : surplus queue size = 3956
Round 4270 : surplus queue size = 3958
Round 4280 : surplus queue size = 3960
Round 4290 : surplus queue size = 3968
Round 4300 : surplus queue size = 3972
Round 4310 : surplus queue size = 3980
Round 4320 : surplus queue size = 3990
Round 4330 : surplus queue size = 3996
Round 4340 : surplus queue size = 4004
Round 4350 : surplus queue size = 4012
Round 4360 : surplus queue size = 4018
Round 4370 : surplus queue size = 4026
Round 4380 : surplus queue size = 4034
Round 4390 : surplus queue size = 4040
Round 4400 : surplus queue size = 4044
Round 4410 : surplus queue size = 4054
Round 4420 : surplus queue size = 4064
Round 4430 : surplus queue size = 4070
Round 4440 : surplus queue size = 4080
Round 4450 : surplus queue size = 4088
Round 4460 : surplus queue size = 4094
Round 4470 : surplus queue size = 4100
Round 4480 : surplus queue size = 4106
Round 4490 : surplus queue size = 4114
Round 4500 : surplus queue size = 4120
Round 4510 : surplus queue size = 4126
Round 4520 : surplus queue size = 4136
Round 4530 : surplus queue size = 4144
Round 4540 : surplus queue size = 4148
Round 4550 : surplus queue size = 4154
Round 4560 : surplus queue size = 4162
Round 4570 : surplus queue size = 4170
Round 4580 : surplus queue size = 4180
Round 4590 : surplus queue size = 4190
Round 4600 : surplus queue size = 4198
Round 4610 : surplus queue size = 4208
Round 4620 : surplus queue size = 4218
Round 4630 : surplus queue size = 4226
Round 4640 : surplus queue size = 4236
Round 4650 : surplus queue size = 4244
Round 4660 : surplus queue size = 4250
Round 4670 : surplus queue size = 4258
Round 4680 : surplus queue size = 4264
Round 4690 : surplus queue size = 4272
Round 4700 : surplus queue size = 4282
Round 4710 : surplus queue size = 4292
Round 4720 : surplus queue size = 4302
Round 4730 : surplus queue size = 4310
Round 4740 : surplus queue size = 4316
Round 4750 : surplus queue size = 4324
Round 4760 : surplus queue size = 4330
Round 4770 : surplus queue size = 4336
Round 4780 : surplus queue size = 4344
Round 4790 : surplus queue size = 4352
Round 4800 : surplus queue size = 4362
Round 4810 : surplus queue size = 4368
Round 4820 : surplus queue size = 4376
Round 4830 : surplus queue size = 4380
Round 4840 : surplus queue size = 4388
Round 4850 : surplus queue size = 4396
Round 4860 : surplus queue size = 4404
Round 4870 : surplus queue size = 4414
Round 4880 : surplus queue size = 4424
Round 4890 : surplus queue size = 4430
Round 4900 : surplus queue size = 4438
Round 4910 : surplus queue size = 4448
Round 4920 : surplus queue size = 4454
Round 4930 : surplus queue size = 4462
Round 4940 : surplus queue size = 4472
Round 4950 : surplus queue size = 4480
Round 4960 : surplus queue size = 4482
Round 4970 : surplus queue size = 4490
Round 4980 : surplus queue size = 4500
Round 4990 : surplus queue size = 4508
Round 5000 : surplus queue size = 4514
Round 5010 : surplus queue size = 4524
Round 5020 : surplus queue size = 4528
Round 5030 : surplus queue size = 4530
Round 5040 : surplus queue size = 4538
Round 5050 : surplus queue size = 4548
Round 5060 : surplus queue size = 4558
Round 5070 : surplus queue size = 4568
Round 5080 : surplus queue size = 4578
Round 5090 : surplus queue size = 4588
Round 5100 : surplus queue size = 4594
Round 5110 : surplus queue size = 4600
Round 5120 : surplus queue size = 4606
Round 5130 : surplus queue size = 4616
Round 5140 : surplus queue size = 4626
Round 5150 : surplus queue size = 4636
Round 5160 : surplus queue size = 4646
Round 5170 : surplus queue size = 4652
Round 5180 : surplus queue size = 4656
Round 5190 : surplus queue size = 4662
Round 5200 : surplus queue size = 4668
Round 5210 : surplus queue size = 4676
Round 5220 : surplus queue size = 4682
Round 5230 : surplus queue size = 4686
Round 5240 : surplus queue size = 4696
Round 5250 : surplus queue size = 4704
Round 5260 : surplus queue size = 4712
Round 5270 : surplus queue size = 4716
Round 5280 : surplus queue size = 4724
Round 5290 : surplus queue size = 4734
Round 5300 : surplus queue size = 4742
Round 5310 : surplus queue size = 4748
Round 5320 : surplus queue size = 4756
Round 5330 : surplus queue size = 4762
Round 5340 : surplus queue size = 4770
Round 5350 : surplus queue size = 4780
Round 5360 : surplus queue size = 4786
Round 5370 : surplus queue size = 4790
Round 5380 : surplus queue size = 4796
Round 5390 : surplus queue size = 4804
Round 5400 : surplus queue size = 4812
Round 5410 : surplus queue size = 4822
Round 5420 : surplus queue size = 4824
Round 5430 : surplus queue size = 4830
Round 5440 : surplus queue size = 4838
Round 5450 : surplus queue size = 4848
Round 5460 : surplus queue size = 4854
Round 5470 : surplus queue size = 4860
Round 5480 : surplus queue size = 4866
Round 5490 : surplus queue size = 4872
Round 5500 : surplus queue size = 4880
Round 5510 : surplus queue size = 4886
Round 5520 : surplus queue size = 4892
Round 5530 : surplus queue size = 4896
Round 5540 : surplus queue size = 4900
Round 5550 : surplus queue size = 4908
Round 5560 : surplus queue size = 4916
Round 5570 : surplus queue size = 4924
Round 5580 : surplus queue size = 4928
Round 5590 : surplus queue size = 4938
Round 5600 : surplus queue size = 4946
Round 5610 : surplus queue size = 4952
Round 5620 : surplus queue size = 4958
Round 5630 : surplus queue size = 4968
Round 5640 : surplus queue size = 4972
Round 5650 : surplus queue size = 4978
Round 5660 : surplus queue size = 4982
Round 5670 : surplus queue size = 4990
Round 5680 : surplus queue size = 4998
Round 5690 : surplus queue size = 5000
Round 5700 : surplus queue size = 5010
Round 5710 : surplus queue size = 5020
Round 5720 : surplus queue size = 5024
Round 5730 : surplus queue size = 5030
Round 5740 : surplus queue size = 5032
Round 5750 : surplus queue size = 5040
Round 5760 : surplus queue size = 5046
Round 5770 : surplus queue size = 5054
Round 5780 : surplus queue size = 5060
Round 5790 : surplus queue size = 5068
Round 5800 : surplus queue size = 5076
Round 5810 : surplus queue size = 5086
Round 5820 : surplus queue size = 5092
Round 5830 : surplus queue size = 5102
Round 5840 : surplus queue size = 5106
Round 5850 : surplus queue size = 5112
Round 5860 : surplus queue size = 5116
Round 5870 : surplus queue size = 5122
Round 5880 : surplus queue size = 5132
Round 5890 : surplus queue size = 5134
Round 5900 : surplus queue size = 5138
Round 5910 : surplus queue size = 5146
Round 5920 : surplus queue size = 5154
Round 5930 : surplus queue size = 5162
Round 5940 : surplus queue size = 5166
Round 5950 : surplus queue size = 5174
Round 5960 : surplus queue size = 5178
Round 5970 : surplus queue size = 5184
Round 5980 : surplus queue size = 5192
Round 5990 : surplus queue size = 5198
Round 6000 : surplus queue size = 5208
Round 6010 : surplus queue size = 5212
Round 6020 : surplus queue size = 5220
Round 6030 : surplus queue size = 5228
Round 6040 : surplus queue size = 5232
Round 6050 : surplus queue size = 5238
Round 6060 : surplus queue size = 5248
Round 6070 : surplus queue size = 5258
Round 6080 : surplus queue size = 5264
Round 6090 : surplus queue size = 5272
Round 6100 : surplus queue size = 5282
Round 6110 : surplus queue size = 5290
Round 6120 : surplus queue size = 5294
Round 6130 : surplus queue size = 5302
Round 6140 : surplus queue size = 5306
Round 6150 : surplus queue size = 5312
Round 6160 : surplus queue size = 5320
Round 6170 : surplus queue size = 5324
Round 6180 : surplus queue size = 5332
Round 6190 : surplus queue size = 5340
Round 6200 : surplus queue size = 5344
Round 6210 : surplus queue size = 5350
Round 6220 : surplus queue size = 5358
Round 6230 : surplus queue size = 5360
Round 6240 : surplus queue size = 5364
Round 6250 : surplus queue size = 5370
Round 6260 : surplus queue size = 5376
Round 6270 : surplus queue size = 5382
Round 6280 : surplus queue size = 5386
Round 6290 : surplus queue size = 5394
Round 6300 : surplus queue size = 5400
Round 6310 : surplus queue size = 5406
Round 6320 : surplus queue size = 5410
Round 6330 : surplus queue size = 5416
Round 6340 : surplus queue size = 5422
Round 6350 : surplus queue size = 5428
Round 6360 : surplus queue size = 5434
Round 6370 : surplus queue size = 5442
Round 6380 : surplus queue size = 5450
Round 6390 : surplus queue size = 5454
Round 6400 : surplus queue size = 5462
Round 6410 : surplus queue size = 5466
Round 6420 : surplus queue size = 5468
Round 6430 : surplus queue size = 5470
Round 6440 : surplus queue size = 5474
Round 6450 : surplus queue size = 5476
Round 6460 : surplus queue size = 5478
Round 6470 : surplus queue size = 5482
Round 6480 : surplus queue size = 5490
Round 6490 : surplus queue size = 5498
Round 6500 : surplus queue size = 5508
Round 6510 : surplus queue size = 5516
Round 6520 : surplus queue size = 5522
Round 6530 : surplus queue size = 5528
Round 6540 : surplus queue size = 5536
Round 6550 : surplus queue size = 5544
Round 6560 : surplus queue size = 5546
Round 6570 : surplus queue size = 5554
Round 6580 : surplus queue size = 5564
Round 6590 : surplus queue size = 5570
Round 6600 : surplus queue size = 5578
Round 6610 : surplus queue size = 5582
Round 6620 : surplus queue size = 5588
Round 6630 : surplus queue size = 5584
Round 6640 : surplus queue size = 5588
Round 6650 : surplus queue size = 5596
Round 6660 : surplus queue size = 5604
Round 6670 : surplus queue size = 5612
Round 6680 : surplus queue size = 5620
Round 6690 : surplus queue size = 5628
Round 6700 : surplus queue size = 5634
Round 6710 : surplus queue size = 5642
Round 6720 : surplus queue size = 5646
Round 6730 : surplus queue size = 5644
Round 6740 : surplus queue size = 5652
Round 6750 : surplus queue size = 5656
Round 6760 : surplus queue size = 5664
Round 6770 : surplus queue size = 5670
Round 6780 : surplus queue size = 5674
Round 6790 : surplus queue size = 5682
Round 6800 : surplus queue size = 5688
Round 6810 : surplus queue size = 5690
Round 6820 : surplus queue size = 5690
Round 6830 : surplus queue size = 5698
Round 6840 : surplus queue size = 5708
Round 6850 : surplus queue size = 5714
Round 6860 : surplus queue size = 5718
Round 6870 : surplus queue size = 5722
Round 6880 : surplus queue size = 5726
Round 6890 : surplus queue size = 5736
Round 6900 : surplus queue size = 5746
Round 6910 : surplus queue size = 5756
Round 6920 : surplus queue size = 5762
Round 6930 : surplus queue size = 5766
Round 6940 : surplus queue size = 5768
Round 6950 : surplus queue size = 5778
Round 6960 : surplus queue size = 5788
Round 6970 : surplus queue size = 5794
Round 6980 : surplus queue size = 5800
Round 6990 : surplus queue size = 5806
Round 7000 : surplus queue size = 5812
Round 7010 : surplus queue size = 5816
Round 7020 : surplus queue size = 5826
Round 7030 : surplus queue size = 5832
Round 7040 : surplus queue size = 5838
Round 7050 : surplus queue size = 5844
Round 7060 : surplus queue size = 5844
Round 7070 : surplus queue size = 5848
Round 7080 : surplus queue size = 5854
Round 7090 : surplus queue size = 5864
Round 7100 : surplus queue size = 5864
Round 7110 : surplus queue size = 5874
Round 7120 : surplus queue size = 5880
Round 7130 : surplus queue size = 5886
Round 7140 : surplus queue size = 5890
Round 7150 : surplus queue size = 5892
Round 7160 : surplus queue size = 5890
Round 7170 : surplus queue size = 5894
Round 7180 : surplus queue size = 5904
Round 7190 : surplus queue size = 5908
Round 7200 : surplus queue size = 5912
Round 7210 : surplus queue size = 5916
Round 7220 : surplus queue size = 5920
Round 7230 : surplus queue size = 5926
Round 7240 : surplus queue size = 5934
Round 7250 : surplus queue size = 5936
Round 7260 : surplus queue size = 5942
Round 7270 : surplus queue size = 5946
Round 7280 : surplus queue size = 5952
Round 7290 : surplus queue size = 5954
Round 7300 : surplus queue size = 5958
Round 7310 : surplus queue size = 5966
Round 7320 : surplus queue size = 5972
Round 7330 : surplus queue size = 5976
Round 7340 : surplus queue size = 5980
Round 7350 : surplus queue size = 5988
Round 7360 : surplus queue size = 5994
Round 7370 : surplus queue size = 6000
Round 7380 : surplus queue size = 6000
Round 7390 : surplus queue size = 6002
Round 7400 : surplus queue size = 6008
Round 7410 : surplus queue size = 6012
Round 7420 : surplus queue size = 6020
Round 7430 : surplus queue size = 6024
Round 7440 : surplus queue size = 6032
Round 7450 : surplus queue size = 6036
Round 7460 : surplus queue size = 6040
Round 7470 : surplus queue size = 6046
Round 7480 : surplus queue size = 6050
Round 7490 : surplus queue size = 6058
Round 7500 : surplus queue size = 6060
Round 7510 : surplus queue size = 6068
Round 7520 : surplus queue size = 6070
Round 7530 : surplus queue size = 6078
Round 7540 : surplus queue size = 6082
Round 7550 : surplus queue size = 6090
Round 7560 : surplus queue size = 6100
Round 7570 : surplus queue size = 6106
Round 7580 : surplus queue size = 6108
Round 7590 : surplus queue size = 6116
Round 7600 : surplus queue size = 6114
Round 7610 : surplus queue size = 6122
Round 7620 : surplus queue size = 6126
Round 7630 : surplus queue size = 6126
Round 7640 : surplus queue size = 6130
Round 7650 : surplus queue size = 6136
Round 7660 : surplus queue size = 6146
Round 7670 : surplus queue size = 6152
Round 7680 : surplus queue size = 6156
Round 7690 : surplus queue size = 6164
Round 7700 : surplus queue size = 6164
Round 7710 : surplus queue size = 6164
Round 7720 : surplus queue size = 6172
Round 7730 : surplus queue size = 6174
Round 7740 : surplus queue size = 6178
Round 7750 : surplus queue size = 6182
Round 7760 : surplus queue size = 6190
Round 7770 : surplus queue size = 6196
Round 7780 : surplus queue size = 6202
Round 7790 : surplus queue size = 6206
Round 7800 : surplus queue size = 6214
Round 7810 : surplus queue size = 6222
Round 7820 : surplus queue size = 6226
Round 7830 : surplus queue size = 6234
Round 7840 : surplus queue size = 6238
Round 7850 : surplus queue size = 6240
Round 7860 : surplus queue size = 6244
Round 7870 : surplus queue size = 6252
Round 7880 : surplus queue size = 6262
Round 7890 : surplus queue size = 6264
Round 7900 : surplus queue size = 6266
Round 7910 : surplus queue size = 6270
Round 7920 : surplus queue size = 6274
Round 7930 : surplus queue size = 6276
Round 7940 : surplus queue size = 6278
Round 7950 : surplus queue size = 6282
Round 7960 : surplus queue size = 6288
Round 7970 : surplus queue size = 6290
Round 7980 : surplus queue size = 6294
Round 7990 : surplus queue size = 6298
Round 8000 : surplus queue size = 6306
Round 8010 : surplus queue size = 6308
Round 8020 : surplus queue size = 6310
Round 8030 : surplus queue size = 6310
Round 8040 : surplus queue size = 6310
Round 8050 : surplus queue size = 6316
Round 8060 : surplus queue size = 6324
Round 8070 : surplus queue size = 6328
Round 8080 : surplus queue size = 6334
Round 8090 : surplus queue size = 6338
Round 8100 : surplus queue size = 6342
Round 8110 : surplus queue size = 6346
Round 8120 : surplus queue size = 6350
Round 8130 : surplus queue size = 6358
Round 8140 : surplus queue size = 6358
Round 8150 : surplus queue size = 6360
Round 8160 : surplus queue size = 6366
Round 8170 : surplus queue size = 6370
Round 8180 : surplus queue size = 6370
Round 8190 : surplus queue size = 6376
Round 8200 : surplus queue size = 6382
Round 8210 : surplus queue size = 6388
Round 8220 : surplus queue size = 6394
Round 8230 : surplus queue size = 6404
Round 8240 : surplus queue size = 6408
Round 8250 : surplus queue size = 6412
Round 8260 : surplus queue size = 6416
Round 8270 : surplus queue size = 6418
Round 8280 : surplus queue size = 6424
Round 8290 : surplus queue size = 6432
Round 8300 : surplus queue size = 6442
Round 8310 : surplus queue size = 6444
Round 8320 : surplus queue size = 6446
Round 8330 : surplus queue size = 6452
Round 8340 : surplus queue size = 6462
Round 8350 : surplus queue size = 6466
Round 8360 : surplus queue size = 6470
Round 8370 : surplus queue size = 6476
Round 8380 : surplus queue size = 6482
Round 8390 : surplus queue size = 6486
Round 8400 : surplus queue size = 6490
Round 8410 : surplus queue size = 6494
Round 8420 : surplus queue size = 6498
Round 8430 : surplus queue size = 6504
Round 8440 : surplus queue size = 6510
Round 8450 : surplus queue size = 6512
Round 8460 : surplus queue size = 6516
Round 8470 : surplus queue size = 6522
Round 8480 : surplus queue size = 6522
Round 8490 : surplus queue size = 6522
Round 8500 : surplus queue size = 6526
Round 8510 : surplus queue size = 6530
Round 8520 : surplus queue size = 6534
Round 8530 : surplus queue size = 6534
Round 8540 : surplus queue size = 6536
Round 8550 : surplus queue size = 6540
Round 8560 : surplus queue size = 6538
Round 8570 : surplus queue size = 6548
Round 8580 : surplus queue size = 6556
Round 8590 : surplus queue size = 6558
Round 8600 : surplus queue size = 6562
Round 8610 : surplus queue size = 6566
Round 8620 : surplus queue size = 6566
Round 8630 : surplus queue size = 6572
Round 8640 : surplus queue size = 6574
Round 8650 : surplus queue size = 6572
Round 8660 : surplus queue size = 6578
Round 8670 : surplus queue size = 6574
Round 8680 : surplus queue size = 6580
Round 8690 : surplus queue size = 6584
Round 8700 : surplus queue size = 6588
Round 8710 : surplus queue size = 6594
Round 8720 : surplus queue size = 6596
Round 8730 : surplus queue size = 6596
Round 8740 : surplus queue size = 6602
Round 8750 : surplus queue size = 6606
Round 8760 : surplus queue size = 6612
Round 8770 : surplus queue size = 6620
Round 8780 : surplus queue size = 6626
Round 8790 : surplus queue size = 6628
Round 8800 : surplus queue size = 6628
Round 8810 : surplus queue size = 6638
Round 8820 : surplus queue size = 6640
Round 8830 : surplus queue size = 6648
Round 8840 : surplus queue size = 6652
Round 8850 : surplus queue size = 6660
Round 8860 : surplus queue size = 6668
Round 8870 : surplus queue size = 6668
Round 8880 : surplus queue size = 6668
Round 8890 : surplus queue size = 6670
Round 8900 : surplus queue size = 6674
Round 8910 : surplus queue size = 6676
Round 8920 : surplus queue size = 6682
Round 8930 : surplus queue size = 6688
Round 8940 : surplus queue size = 6694
Round 8950 : surplus queue size = 6700
Round 8960 : surplus queue size = 6706
Round 8970 : surplus queue size = 6706
Round 8980 : surplus queue size = 6710
Round 8990 : surplus queue size = 6716
Round 9000 : surplus queue size = 6714
Round 9010 : surplus queue size = 6718
Round 9020 : surplus queue size = 6722
Round 9030 : surplus queue size = 6730
Round 9040 : surplus queue size = 6734
Round 9050 : surplus queue size = 6736
Round 9060 : surplus queue size = 6742
Round 9070 : surplus queue size = 6744
Round 9080 : surplus queue size = 6748
Round 9090 : surplus queue size = 6758
Round 9100 : surplus queue size = 6762
Round 9110 : surplus queue size = 6768
Round 9120 : surplus queue size = 6770
Round 9130 : surplus queue size = 6774
Round 9140 : surplus queue size = 6778
Round 9150 : surplus queue size = 6778
Round 9160 : surplus queue size = 6784
Round 9170 : surplus queue size = 6784
Round 9180 : surplus queue size = 6782
Round 9190 : surplus queue size = 6786
Round 9200 : surplus queue size = 6792
Round 9210 : surplus queue size = 6802
Round 9220 : surplus queue size = 6804
Round 9230 : surplus queue size = 6804
Round 9240 : surplus queue size = 6808
Round 9250 : surplus queue size = 6810
Round 9260 : surplus queue size = 6814
Round 9270 : surplus queue size = 6816
Round 9280 : surplus queue size = 6822
Round 9290 : surplus queue size = 6824
Round 9300 : surplus queue size = 6822
Round 9310 : surplus queue size = 6826
Round 9320 : surplus queue size = 6832
Round 9330 : surplus queue size = 6834
Round 9340 : surplus queue size = 6836
Round 9350 : surplus queue size = 6842
Round 9360 : surplus queue size = 6840
Round 9370 : surplus queue size = 6846
Round 9380 : surplus queue size = 6850
Round 9390 : surplus queue size = 6852
Round 9400 : surplus queue size = 6852
Round 9410 : surplus queue size = 6850
Round 9420 : surplus queue size = 6856
Round 9430 : surplus queue size = 6864
Round 9440 : surplus queue size = 6870
Round 9450 : surplus queue size = 6872
Round 9460 : surplus queue size = 6878
Round 9470 : surplus queue size = 6878
Round 9480 : surplus queue size = 6884
Round 9490 : surplus queue size = 6886
Round 9500 : surplus queue size = 6892
Round 9510 : surplus queue size = 6896
Round 9520 : surplus queue size = 6900
Round 9530 : surplus queue size = 6900
Round 9540 : surplus queue size = 6904
Round 9550 : surplus queue size = 6906
Round 9560 : surplus queue size = 6910
Round 9570 : surplus queue size = 6920
Round 9580 : surplus queue size = 6918
Round 9590 : surplus queue size = 6916
Round 9600 : surplus queue size = 6916
Round 9610 : surplus queue size = 6922
Round 9620 : surplus queue size = 6930
Round 9630 : surplus queue size = 6934
Round 9640 : surplus queue size = 6932
Round 9650 : surplus queue size = 6934
Round 9660 : surplus queue size = 6940
Round 9670 : surplus queue size = 6938
Round 9680 : surplus queue size = 6942
Round 9690 : surplus queue size = 6950
Round 9700 : surplus queue size = 6956
Round 9710 : surplus queue size = 6962
Round 9720 : surplus queue size = 6964
Round 9730 : surplus queue size = 6968
Round 9740 : surplus queue size = 6972
Round 9750 : surplus queue size = 6978
Round 9760 : surplus queue size = 6984
Round 9770 : surplus queue size = 6986
Round 9780 : surplus queue size = 6990
Round 9790 : surplus queue size = 6992
Round 9800 : surplus queue size = 6992
Round 9810 : surplus queue size = 7000
Round 9820 : surplus queue size = 7004
Round 9830 : surplus queue size = 7008
Round 9840 : surplus queue size = 7006
Round 9850 : surplus queue size = 7010
Round 9860 : surplus queue size = 7010
Round 9870 : surplus queue size = 7012
Round 9880 : surplus queue size = 7016
Round 9890 : surplus queue size = 7018
Round 9900 : surplus queue size = 7020
Round 9910 : surplus queue size = 7024
Round 9920 : surplus queue size = 7032
Round 9930 : surplus queue size = 7034
Round 9940 : surplus queue size = 7036
Round 9950 : surplus queue size = 7038
Round 9960 : surplus queue size = 7034
Round 9970 : surplus queue size = 7032
Round 9980 : surplus queue size = 7038
Round 9990 : surplus queue size = 7040
Round 10000 : surplus queue size = 7046
Round 10010 : surplus queue size = 7048
Round 10020 : surplus queue size = 7052
Round 10030 : surplus queue size = 7060
Round 10040 : surplus queue size = 7058
Round 10050 : surplus queue size = 7066
Round 10060 : surplus queue size = 7068
Round 10070 : surplus queue size = 7070
Round 10080 : surplus queue size = 7066
Round 10090 : surplus queue size = 7068
Round 10100 : surplus queue size = 7068
Round 10110 : surplus queue size = 7070
Round 10120 : surplus queue size = 7074
Round 10130 : surplus queue size = 7078
Round 10140 : surplus queue size = 7080
Round 10150 : surplus queue size = 7086
Round 10160 : surplus queue size = 7088
Round 10170 : surplus queue size = 7096
Round 10180 : surplus queue size = 7098
Round 10190 : surplus queue size = 7098
Round 10200 : surplus queue size = 7102
Round 10210 : surplus queue size = 7102
Round 10220 : surplus queue size = 7110
Round 10230 : surplus queue size = 7118
Round 10240 : surplus queue size = 7124
Round 10250 : surplus queue size = 7126
Round 10260 : surplus queue size = 7126
Round 10270 : surplus queue size = 7126
Round 10280 : surplus queue size = 7126
Round 10290 : surplus queue size = 7130
Round 10300 : surplus queue size = 7132
Round 10310 : surplus queue size = 7138
Round 10320 : surplus queue size = 7142
Round 10330 : surplus queue size = 7150
Round 10340 : surplus queue size = 7150
Round 10350 : surplus queue size = 7152
Round 10360 : surplus queue size = 7152
Round 10370 : surplus queue size = 7154
Round 10380 : surplus queue size = 7152
Round 10390 : surplus queue size = 7148
Round 10400 : surplus queue size = 7154
Round 10410 : surplus queue size = 7156
Round 10420 : surplus queue size = 7162
Round 10430 : surplus queue size = 7164
Round 10440 : surplus queue size = 7166
Round 10450 : surplus queue size = 7166
Round 10460 : surplus queue size = 7168
Round 10470 : surplus queue size = 7164
Round 10480 : surplus queue size = 7168
Round 10490 : surplus queue size = 7168
Round 10500 : surplus queue size = 7170
Round 10510 : surplus queue size = 7174
Round 10520 : surplus queue size = 7176
Round 10530 : surplus queue size = 7182
Round 10540 : surplus queue size = 7186
Round 10550 : surplus queue size = 7186
Round 10560 : surplus queue size = 7190
Round 10570 : surplus queue size = 7184
Round 10580 : surplus queue size = 7190
Round 10590 : surplus queue size = 7190
Round 10600 : surplus queue size = 7190
Round 10610 : surplus queue size = 7196
Round 10620 : surplus queue size = 7200
Round 10630 : surplus queue size = 7200
Round 10640 : surplus queue size = 7196
Round 10650 : surplus queue size = 7198
Round 10660 : surplus queue size = 7194
Round 10670 : surplus queue size = 7198
Round 10680 : surplus queue size = 7200
Round 10690 : surplus queue size = 7200
Round 10700 : surplus queue size = 7196
Round 10710 : surplus queue size = 7196
Round 10720 : surplus queue size = 7200
Round 10730 : surplus queue size = 7200
Round 10740 : surplus queue size = 7202
Round 10750 : surplus queue size = 7208
Round 10760 : surplus queue size = 7210
Round 10770 : surplus queue size = 7208
Round 10780 : surplus queue size = 7212
Round 10790 : surplus queue size = 7216
Round 10800 : surplus queue size = 7218
Round 10810 : surplus queue size = 7222
Round 10820 : surplus queue size = 7226
Round 10830 : surplus queue size = 7232
Round 10840 : surplus queue size = 7232
Round 10850 : surplus queue size = 7236
Round 10860 : surplus queue size = 7238
Round 10870 : surplus queue size = 7242
Round 10880 : surplus queue size = 7244
Round 10890 : surplus queue size = 7246
Round 10900 : surplus queue size = 7250
Round 10910 : surplus queue size = 7250
Round 10920 : surplus queue size = 7246
Round 10930 : surplus queue size = 7246
Round 10940 : surplus queue size = 7250
Round 10950 : surplus queue size = 7254
Round 10960 : surplus queue size = 7258
Round 10970 : surplus queue size = 7264
Round 10980 : surplus queue size = 7268
Round 10990 : surplus queue size = 7268
Round 11000 : surplus queue size = 7274
Round 11010 : surplus queue size = 7278
Round 11020 : surplus queue size = 7276
Round 11030 : surplus queue size = 7282
Round 11040 : surplus queue size = 7280
Round 11050 : surplus queue size = 7286
Round 11060 : surplus queue size = 7288
Round 11070 : surplus queue size = 7290
Round 11080 : surplus queue size = 7292
Round 11090 : surplus queue size = 7296
Round 11100 : surplus queue size = 7300
Round 11110 : surplus queue size = 7302
Round 11120 : surplus queue size = 7302
Round 11130 : surplus queue size = 7308
Round 11140 : surplus queue size = 7314
Round 11150 : surplus queue size = 7318
Round 11160 : surplus queue size = 7322
Round 11170 : surplus queue size = 7326
Round 11180 : surplus queue size = 7330
Round 11190 : surplus queue size = 7336
Round 11200 : surplus queue size = 7336
Round 11210 : surplus queue size = 7338
Round 11220 : surplus queue size = 7336
Round 11230 : surplus queue size = 7336
Round 11240 : surplus queue size = 7338
Round 11250 : surplus queue size = 7334
Round 11260 : surplus queue size = 7336
Round 11270 : surplus queue size = 7340
Round 11280 : surplus queue size = 7348
Round 11290 : surplus queue size = 7358
Round 11300 : surplus queue size = 7360
Round 11310 : surplus queue size = 7362
Round 11320 : surplus queue size = 7364
Round 11330 : surplus queue size = 7364
Round 11340 : surplus queue size = 7356
Round 11350 : surplus queue size = 7354
Round 11360 : surplus queue size = 7352
Round 11370 : surplus queue size = 7356
Round 11380 : surplus queue size = 7358
Round 11390 : surplus queue size = 7358
Round 11400 : surplus queue size = 7362
Round 11410 : surplus queue size = 7366
Round 11420 : surplus queue size = 7370
Round 11430 : surplus queue size = 7372
Round 11440 : surplus queue size = 7380
Round 11450 : surplus queue size = 7384
Round 11460 : surplus queue size = 7384
Round 11470 : surplus queue size = 7386
Round 11480 : surplus queue size = 7388
Round 11490 : surplus queue size = 7394
Round 11500 : surplus queue size = 7400
Round 11510 : surplus queue size = 7404
Round 11520 : surplus queue size = 7406
Round 11530 : surplus queue size = 7410
Round 11540 : surplus queue size = 7410
Round 11550 : surplus queue size = 7408
Round 11560 : surplus queue size = 7406
Round 11570 : surplus queue size = 7406
Round 11580 : surplus queue size = 7408
Round 11590 : surplus queue size = 7406
Round 11600 : surplus queue size = 7404
Round 11610 : surplus queue size = 7408
Round 11620 : surplus queue size = 7406
Round 11630 : surplus queue size = 7410
Round 11640 : surplus queue size = 7412
Round 11650 : surplus queue size = 7410
Round 11660 : surplus queue size = 7412
Round 11670 : surplus queue size = 7416
Round 11680 : surplus queue size = 7420
Round 11690 : surplus queue size = 7424
Round 11700 : surplus queue size = 7430
Round 11710 : surplus queue size = 7434
Round 11720 : surplus queue size = 7428
Round 11730 : surplus queue size = 7426
Round 11740 : surplus queue size = 7428
Round 11750 : surplus queue size = 7434
Round 11760 : surplus queue size = 7438
Round 11770 : surplus queue size = 7440
Round 11780 : surplus queue size = 7444
Round 11790 : surplus queue size = 7444
Round 11800 : surplus queue size = 7442
Round 11810 : surplus queue size = 7446
Round 11820 : surplus queue size = 7446
Round 11830 : surplus queue size = 7452
Round 11840 : surplus queue size = 7454
Round 11850 : surplus queue size = 7454
Round 11860 : surplus queue size = 7448
Round 11870 : surplus queue size = 7442
Round 11880 : surplus queue size = 7442
Round 11890 : surplus queue size = 7442
Round 11900 : surplus queue size = 7442
Round 11910 : surplus queue size = 7446
Round 11920 : surplus queue size = 7456
Round 11930 : surplus queue size = 7458
Round 11940 : surplus queue size = 7456
Round 11950 : surplus queue size = 7450
Round 11960 : surplus queue size = 7450
Round 11970 : surplus queue size = 7450
Round 11980 : surplus queue size = 7446
Round 11990 : surplus queue size = 7448
Round 12000 : surplus queue size = 7446
Round 12010 : surplus queue size = 7454
Round 12020 : surplus queue size = 7450
Round 12030 : surplus queue size = 7452
Round 12040 : surplus queue size = 7450
Round 12050 : surplus queue size = 7446
Round 12060 : surplus queue size = 7448
Round 12070 : surplus queue size = 7446
Round 12080 : surplus queue size = 7452
Round 12090 : surplus queue size = 7458
Round 12100 : surplus queue size = 7462
Round 12110 : surplus queue size = 7460
Round 12120 : surplus queue size = 7460
Round 12130 : surplus queue size = 7462
Round 12140 : surplus queue size = 7466
Round 12150 : surplus queue size = 7462
Round 12160 : surplus queue size = 7460
Round 12170 : surplus queue size = 7460
Round 12180 : surplus queue size = 7464
Round 12190 : surplus queue size = 7466
Round 12200 : surplus queue size = 7466
Round 12210 : surplus queue size = 7468
Round 12220 : surplus queue size = 7468
Round 12230 : surplus queue size = 7464
Round 12240 : surplus queue size = 7464
Round 12250 : surplus queue size = 7466
Round 12260 : surplus queue size = 7470
Round 12270 : surplus queue size = 7472
Round 12280 : surplus queue size = 7474
Round 12290 : surplus queue size = 7478
Round 12300 : surplus queue size = 7480
Round 12310 : surplus queue size = 7484
Round 12320 : surplus queue size = 7490
Round 12330 : surplus queue size = 7490
Round 12340 : surplus queue size = 7492
Round 12350 : surplus queue size = 7488
Round 12360 : surplus queue size = 7496
Round 12370 : surplus queue size = 7504
Round 12380 : surplus queue size = 7504
Round 12390 : surplus queue size = 7504
Round 12400 : surplus queue size = 7510
Round 12410 : surplus queue size = 7508
Round 12420 : surplus queue size = 7510
Round 12430 : surplus queue size = 7508
Round 12440 : surplus queue size = 7512
Round 12450 : surplus queue size = 7516
Round 12460 : surplus queue size = 7520
Round 12470 : surplus queue size = 7518
Round 12480 : surplus queue size = 7518
Round 12490 : surplus queue size = 7518
Round 12500 : surplus queue size = 7522
Round 12510 : surplus queue size = 7520
Round 12520 : surplus queue size = 7516
Round 12530 : surplus queue size = 7520
Round 12540 : surplus queue size = 7522
Round 12550 : surplus queue size = 7522
Round 12560 : surplus queue size = 7524
Round 12570 : surplus queue size = 7528
Round 12580 : surplus queue size = 7532
Round 12590 : surplus queue size = 7530
Round 12600 : surplus queue size = 7532
Round 12610 : surplus queue size = 7528
Round 12620 : surplus queue size = 7528
Round 12630 : surplus queue size = 7528
Round 12640 : surplus queue size = 7534
Round 12650 : surplus queue size = 7538
Round 12660 : surplus queue size = 7540
Round 12670 : surplus queue size = 7542
Round 12680 : surplus queue size = 7542
Round 12690 : surplus queue size = 7538
Round 12700 : surplus queue size = 7538
Round 12710 : surplus queue size = 7540
Round 12720 : surplus queue size = 7538
Round 12730 : surplus queue size = 7546
Round 12740 : surplus queue size = 7548
Round 12750 : surplus queue size = 7552
Round 12760 : surplus queue size = 7546
Round 12770 : surplus queue size = 7548
Round 12780 : surplus queue size = 7552
Round 12790 : surplus queue size = 7550
Round 12800 : surplus queue size = 7550
Round 12810 : surplus queue size = 7552
Round 12820 : surplus queue size = 7544
Round 12830 : surplus queue size = 7542
Round 12840 : surplus queue size = 7548
Round 12850 : surplus queue size = 7552
Round 12860 : surplus queue size = 7546
Round 12870 : surplus queue size = 7546
Round 12880 : surplus queue size = 7548
Round 12890 : surplus queue size = 7548
Round 12900 : surplus queue size = 7548
Round 12910 : surplus queue size = 7546
Round 12920 : surplus queue size = 7544
Round 12930 : surplus queue size = 7542
Round 12940 : surplus queue size = 7546
Round 12950 : surplus queue size = 7544
Round 12960 : surplus queue size = 7540
Round 12970 : surplus queue size = 7536
Round 12980 : surplus queue size = 7534
Round 12990 : surplus queue size = 7534
Round 13000 : surplus queue size = 7534
Round 13010 : surplus queue size = 7536
Round 13020 : surplus queue size = 7534
Round 13030 : surplus queue size = 7542
Round 13040 : surplus queue size = 7546
Round 13050 : surplus queue size = 7544
Round 13060 : surplus queue size = 7546
Round 13070 : surplus queue size = 7550
Round 13080 : surplus queue size = 7558
Round 13090 : surplus queue size = 7560
Round 13100 : surplus queue size = 7566
Round 13110 : surplus queue size = 7566
Round 13120 : surplus queue size = 7564
Round 13130 : surplus queue size = 7562
Round 13140 : surplus queue size = 7564
Round 13150 : surplus queue size = 7562
Round 13160 : surplus queue size = 7568
Round 13170 : surplus queue size = 7568
Round 13180 : surplus queue size = 7572
Round 13190 : surplus queue size = 7568
Round 13200 : surplus queue size = 7568
Round 13210 : surplus queue size = 7568
Round 13220 : surplus queue size = 7570
Round 13230 : surplus queue size = 7570
Round 13240 : surplus queue size = 7570
Round 13250 : surplus queue size = 7568
Round 13260 : surplus queue size = 7562
Round 13270 : surplus queue size = 7562
Round 13280 : surplus queue size = 7558
Round 13290 : surplus queue size = 7562
Round 13300 : surplus queue size = 7564
Round 13310 : surplus queue size = 7566
Round 13320 : surplus queue size = 7572
Round 13330 : surplus queue size = 7578
Round 13340 : surplus queue size = 7576
Round 13350 : surplus queue size = 7578
Round 13360 : surplus queue size = 7580
Round 13370 : surplus queue size = 7574
Round 13380 : surplus queue size = 7572
Round 13390 : surplus queue size = 7570
Round 13400 : surplus queue size = 7572
Round 13410 : surplus queue size = 7568
Round 13420 : surplus queue size = 7568
Round 13430 : surplus queue size = 7574
Round 13440 : surplus queue size = 7574
Round 13450 : surplus queue size = 7574
Round 13460 : surplus queue size = 7574
Round 13470 : surplus queue size = 7572
Round 13480 : surplus queue size = 7572
Round 13490 : surplus queue size = 7576
Round 13500 : surplus queue size = 7580
Round 13510 : surplus queue size = 7580
Round 13520 : surplus queue size = 7580
Round 13530 : surplus queue size = 7580
Round 13540 : surplus queue size = 7588
Round 13550 : surplus queue size = 7594
Round 13560 : surplus queue size = 7590
Round 13570 : surplus queue size = 7592
Round 13580 : surplus queue size = 7586
Round 13590 : surplus queue size = 7578
Round 13600 : surplus queue size = 7574
Round 13610 : surplus queue size = 7574
Round 13620 : surplus queue size = 7574
Round 13630 : surplus queue size = 7568
Round 13640 : surplus queue size = 7570
Round 13650 : surplus queue size = 7570
Round 13660 : surplus queue size = 7574
Round 13670 : surplus queue size = 7574
Round 13680 : surplus queue size = 7582
Round 13690 : surplus queue size = 7584
Round 13700 : surplus queue size = 7590
Round 13710 : surplus queue size = 7590
Round 13720 : surplus queue size = 7590
Round 13730 : surplus queue size = 7592
Round 13740 : surplus queue size = 7592
Round 13750 : surplus queue size = 7594
Round 13760 : surplus queue size = 7592
Round 13770 : surplus queue size = 7594
Round 13780 : surplus queue size = 7598
Round 13790 : surplus queue size = 7602
Round 13800 : surplus queue size = 7606
Round 13810 : surplus queue size = 7608
Round 13820 : surplus queue size = 7608
Round 13830 : surplus queue size = 7608
Round 13840 : surplus queue size = 7612
Round 13850 : surplus queue size = 7614
Round 13860 : surplus queue size = 7612
Round 13870 : surplus queue size = 7612
Round 13880 : surplus queue size = 7614
Round 13890 : surplus queue size = 7616
Round 13900 : surplus queue size = 7620
Round 13910 : surplus queue size = 7620
Round 13920 : surplus queue size = 7622
Round 13930 : surplus queue size = 7616
Round 13940 : surplus queue size = 7614
Round 13950 : surplus queue size = 7612
Round 13960 : surplus queue size = 7616
Round 13970 : surplus queue size = 7610
Round 13980 : surplus queue size = 7610
Round 13990 : surplus queue size = 7606
Round 14000 : surplus queue size = 7610
Round 14010 : surplus queue size = 7606
Round 14020 : surplus queue size = 7606
Round 14030 : surplus queue size = 7604
Round 14040 : surplus queue size = 7606
Round 14050 : surplus queue size = 7602
Round 14060 : surplus queue size = 7600
Round 14070 : surplus queue size = 7606
Round 14080 : surplus queue size = 7600
Round 14090 : surplus queue size = 7600
Round 14100 : surplus queue size = 7598
Round 14110 : surplus queue size = 7600
Round 14120 : surplus queue size = 7596
Round 14130 : surplus queue size = 7594
Round 14140 : surplus queue size = 7594
Round 14150 : surplus queue size = 7594
Round 14160 : surplus queue size = 7586
Round 14170 : surplus queue size = 7586
Round 14180 : surplus queue size = 7586
Round 14190 : surplus queue size = 7590
Round 14200 : surplus queue size = 7594
Round 14210 : surplus queue size = 7594
Round 14220 : surplus queue size = 7588
Round 14230 : surplus queue size = 7584
Round 14240 : surplus queue size = 7582
Round 14250 : surplus queue size = 7584
Round 14260 : surplus queue size = 7582
Round 14270 : surplus queue size = 7584
Round 14280 : surplus queue size = 7584
Round 14290 : surplus queue size = 7584
Round 14300 : surplus queue size = 7586
Round 14310 : surplus queue size = 7586
Round 14320 : surplus queue size = 7586
Round 14330 : surplus queue size = 7584
Round 14340 : surplus queue size = 7580
Round 14350 : surplus queue size = 7584
Round 14360 : surplus queue size = 7588
Round 14370 : surplus queue size = 7584
Round 14380 : surplus queue size = 7584
Round 14390 : surplus queue size = 7584
Round 14400 : surplus queue size = 7584
Round 14410 : surplus queue size = 7580
Round 14420 : surplus queue size = 7584
Round 14430 : surplus queue size = 7578
Round 14440 : surplus queue size = 7576
Round 14450 : surplus queue size = 7582
Round 14460 : surplus queue size = 7576
Round 14470 : surplus queue size = 7574
Round 14480 : surplus queue size = 7574
Round 14490 : surplus queue size = 7576
Round 14500 : surplus queue size = 7574
Round 14510 : surplus queue size = 7572
Round 14520 : surplus queue size = 7570
Round 14530 : surplus queue size = 7578
Round 14540 : surplus queue size = 7584
Round 14550 : surplus queue size = 7588
Round 14560 : surplus queue size = 7586
Round 14570 : surplus queue size = 7584
Round 14580 : surplus queue size = 7584
Round 14590 : surplus queue size = 7582
Round 14600 : surplus queue size = 7590
Round 14610 : surplus queue size = 7600
Round 14620 : surplus queue size = 7600
Round 14630 : surplus queue size = 7602
Round 14640 : surplus queue size = 7602
Round 14650 : surplus queue size = 7600
Round 14660 : surplus queue size = 7600
Round 14670 : surplus queue size = 7602
Round 14680 : surplus queue size = 7602
Round 14690 : surplus queue size = 7602
Round 14700 : surplus queue size = 7596
Round 14710 : surplus queue size = 7598
Round 14720 : surplus queue size = 7600
Round 14730 : surplus queue size = 7596
Round 14740 : surplus queue size = 7594
Round 14750 : surplus queue size = 7592
Round 14760 : surplus queue size = 7592
Round 14770 : surplus queue size = 7596
Round 14780 : surplus queue size = 7602
Round 14790 : surplus queue size = 7610
Round 14800 : surplus queue size = 7606
Round 14810 : surplus queue size = 7606
Round 14820 : surplus queue size = 7608
Round 14830 : surplus queue size = 7608
Round 14840 : surplus queue size = 7606
Round 14850 : surplus queue size = 7606
Round 14860 : surplus queue size = 7606
Round 14870 : surplus queue size = 7610
Round 14880 : surplus queue size = 7610
Round 14890 : surplus queue size = 7614
Round 14900 : surplus queue size = 7614
Round 14910 : surplus queue size = 7612
Round 14920 : surplus queue size = 7614
Round 14930 : surplus queue size = 7612
Round 14940 : surplus queue size = 7612
Round 14950 : surplus queue size = 7608
Round 14960 : surplus queue size = 7614
Round 14970 : surplus queue size = 7612
Round 14980 : surplus queue size = 7606
Round 14990 : surplus queue size = 7606
Round 15000 : surplus queue size = 7604
Round 15010 : surplus queue size = 7604
Round 15020 : surplus queue size = 7602
Round 15030 : surplus queue size = 7604
Round 15040 : surplus queue size = 7602
Round 15050 : surplus queue size = 7600
Round 15060 : surplus queue size = 7598
Round 15070 : surplus queue size = 7604
Round 15080 : surplus queue size = 7602
Round 15090 : surplus queue size = 7606
Round 15100 : surplus queue size = 7602
Round 15110 : surplus queue size = 7602
Round 15120 : surplus queue size = 7606
Round 15130 : surplus queue size = 7602
Round 15140 : surplus queue size = 7604
Round 15150 : surplus queue size = 7604
Round 15160 : surplus queue size = 7604
Round 15170 : surplus queue size = 7610
Round 15180 : surplus queue size = 7608
Round 15190 : surplus queue size = 7610
Round 15200 : surplus queue size = 7608
Round 15210 : surplus queue size = 7606
Round 15220 : surplus queue size = 7604
Round 15230 : surplus queue size = 7604
Round 15240 : surplus queue size = 7606
Round 15250 : surplus queue size = 7606
Round 15260 : surplus queue size = 7604
Round 15270 : surplus queue size = 7600
Round 15280 : surplus queue size = 7598
Round 15290 : surplus queue size = 7598
Round 15300 : surplus queue size = 7598
Round 15310 : surplus queue size = 7596
Round 15320 : surplus queue size = 7590
Round 15330 : surplus queue size = 7580
Round 15340 : surplus queue size = 7578
Round 15350 : surplus queue size = 7578
Round 15360 : surplus queue size = 7576
Round 15370 : surplus queue size = 7580
Round 15380 : surplus queue size = 7578
Round 15390 : surplus queue size = 7574
Round 15400 : surplus queue size = 7572
Round 15410 : surplus queue size = 7574
Round 15420 : surplus queue size = 7580
Round 15430 : surplus queue size = 7576
Round 15440 : surplus queue size = 7578
Round 15450 : surplus queue size = 7574
Round 15460 : surplus queue size = 7576
Round 15470 : surplus queue size = 7574
Round 15480 : surplus queue size = 7576
Round 15490 : surplus queue size = 7578
Round 15500 : surplus queue size = 7572
Round 15510 : surplus queue size = 7574
Round 15520 : surplus queue size = 7568
Round 15530 : surplus queue size = 7568
Round 15540 : surplus queue size = 7564
Round 15550 : surplus queue size = 7570
Round 15560 : surplus queue size = 7574
Round 15570 : surplus queue size = 7574
Round 15580 : surplus queue size = 7578
Round 15590 : surplus queue size = 7572
Round 15600 : surplus queue size = 7568
Round 15610 : surplus queue size = 7570
Round 15620 : surplus queue size = 7570
Round 15630 : surplus queue size = 7572
Round 15640 : surplus queue size = 7568
Round 15650 : surplus queue size = 7564
Round 15660 : surplus queue size = 7556
Round 15670 : surplus queue size = 7556
Round 15680 : surplus queue size = 7554
Round 15690 : surplus queue size = 7546
Round 15700 : surplus queue size = 7542
Round 15710 : surplus queue size = 7542
Round 15720 : surplus queue size = 7544
Round 15730 : surplus queue size = 7540
Round 15740 : surplus queue size = 7536
Round 15750 : surplus queue size = 7540
Round 15760 : surplus queue size = 7538
Round 15770 : surplus queue size = 7542
Round 15780 : surplus queue size = 7542
Round 15790 : surplus queue size = 7540
Round 15800 : surplus queue size = 7536
Round 15810 : surplus queue size = 7536
Round 15820 : surplus queue size = 7534
Round 15830 : surplus queue size = 7538
Round 15840 : surplus queue size = 7542
Round 15850 : surplus queue size = 7540
Round 15860 : surplus queue size = 7538
Round 15870 : surplus queue size = 7528
Round 15880 : surplus queue size = 7526
Round 15890 : surplus queue size = 7526
Round 15900 : surplus queue size = 7518
Round 15910 : surplus queue size = 7512
Round 15920 : surplus queue size = 7512
Round 15930 : surplus queue size = 7516
Round 15940 : surplus queue size = 7514
Round 15950 : surplus queue size = 7516
Round 15960 : surplus queue size = 7518
Round 15970 : surplus queue size = 7512
Round 15980 : surplus queue size = 7516
Round 15990 : surplus queue size = 7514
Round 16000 : surplus queue size = 7510
Round 16010 : surplus queue size = 7514
Round 16020 : surplus queue size = 7510
Round 16030 : surplus queue size = 7506
Round 16040 : surplus queue size = 7500
Round 16050 : surplus queue size = 7494
Round 16060 : surplus queue size = 7496
Round 16070 : surplus queue size = 7500
Round 16080 : surplus queue size = 7502
Round 16090 : surplus queue size = 7498
Round 16100 : surplus queue size = 7496
Round 16110 : surplus queue size = 7496
Round 16120 : surplus queue size = 7490
Round 16130 : surplus queue size = 7488
Round 16140 : surplus queue size = 7482
Round 16150 : surplus queue size = 7482
Round 16160 : surplus queue size = 7478
Round 16170 : surplus queue size = 7478
Round 16180 : surplus queue size = 7476
Round 16190 : surplus queue size = 7474
Round 16200 : surplus queue size = 7472
Round 16210 : surplus queue size = 7476
Round 16220 : surplus queue size = 7472
Round 16230 : surplus queue size = 7468
Round 16240 : surplus queue size = 7466
Round 16250 : surplus queue size = 7466
Round 16260 : surplus queue size = 7468
Round 16270 : surplus queue size = 7470
Round 16280 : surplus queue size = 7470
Round 16290 : surplus queue size = 7470
Round 16300 : surplus queue size = 7470
Round 16310 : surplus queue size = 7468
Round 16320 : surplus queue size = 7466
Round 16330 : surplus queue size = 7466
Round 16340 : surplus queue size = 7462
Round 16350 : surplus queue size = 7460
Round 16360 : surplus queue size = 7458
Round 16370 : surplus queue size = 7452
Round 16380 : surplus queue size = 7450
Round 16390 : surplus queue size = 7456
Round 16400 : surplus queue size = 7458
Round 16410 : surplus queue size = 7460
Round 16420 : surplus queue size = 7458
Round 16430 : surplus queue size = 7460
Round 16440 : surplus queue size = 7460
Round 16450 : surplus queue size = 7456
Round 16460 : surplus queue size = 7460
Round 16470 : surplus queue size = 7460
Round 16480 : surplus queue size = 7458
Round 16490 : surplus queue size = 7456
Round 16500 : surplus queue size = 7452
Round 16510 : surplus queue size = 7454
Round 16520 : surplus queue size = 7452
Round 16530 : surplus queue size = 7452
Round 16540 : surplus queue size = 7454
Round 16550 : surplus queue size = 7454
Round 16560 : surplus queue size = 7446
Round 16570 : surplus queue size = 7442
Round 16580 : surplus queue size = 7442
Round 16590 : surplus queue size = 7444
Round 16600 : surplus queue size = 7444
Round 16610 : surplus queue size = 7444
Round 16620 : surplus queue size = 7440
Round 16630 : surplus queue size = 7440
Round 16640 : surplus queue size = 7442
Round 16650 : surplus queue size = 7438
Round 16660 : surplus queue size = 7436
Round 16670 : surplus queue size = 7438
Round 16680 : surplus queue size = 7436
Round 16690 : surplus queue size = 7434
Round 16700 : surplus queue size = 7438
Round 16710 : surplus queue size = 7438
Round 16720 : surplus queue size = 7438
Round 16730 : surplus queue size = 7440
Round 16740 : surplus queue size = 7442
Round 16750 : surplus queue size = 7436
Round 16760 : surplus queue size = 7432
Round 16770 : surplus queue size = 7430
Round 16780 : surplus queue size = 7434
Round 16790 : surplus queue size = 7428
Round 16800 : surplus queue size = 7426
Round 16810 : surplus queue size = 7420
Round 16820 : surplus queue size = 7410
Round 16830 : surplus queue size = 7410
Round 16840 : surplus queue size = 7410
Round 16850 : surplus queue size = 7414
Round 16860 : surplus queue size = 7408
Round 16870 : surplus queue size = 7406
Round 16880 : surplus queue size = 7402
Round 16890 : surplus queue size = 7400
Round 16900 : surplus queue size = 7406
Round 16910 : surplus queue size = 7404
Round 16920 : surplus queue size = 7404
Round 16930 : surplus queue size = 7404
Round 16940 : surplus queue size = 7400
Round 16950 : surplus queue size = 7398
Round 16960 : surplus queue size = 7400
Round 16970 : surplus queue size = 7400
Round 16980 : surplus queue size = 7402
Round 16990 : surplus queue size = 7402
Round 17000 : surplus queue size = 7400
Round 17010 : surplus queue size = 7396
Round 17020 : surplus queue size = 7392
Round 17030 : surplus queue size = 7392
Round 17040 : surplus queue size = 7388
Round 17050 : surplus queue size = 7382
Round 17060 : surplus queue size = 7384
Round 17070 : surplus queue size = 7382
Round 17080 : surplus queue size = 7382
Round 17090 : surplus queue size = 7376
Round 17100 : surplus queue size = 7378
Round 17110 : surplus queue size = 7376
Round 17120 : surplus queue size = 7374
Round 17130 : surplus queue size = 7376
Round 17140 : surplus queue size = 7378
Round 17150 : surplus queue size = 7380
Round 17160 : surplus queue size = 7384
Round 17170 : surplus queue size = 1856
Round 17180 : surplus queue size = 1848
Round 17190 : surplus queue size = 1840
Round 17200 : surplus queue size = 1834
Round 17210 : surplus queue size = 1830
Round 17220 : surplus queue size = 1824
Round 17230 : surplus queue size = 1820
Round 17240 : surplus queue size = 1818
Round 17250 : surplus queue size = 1814
Round 17260 : surplus queue size = 1804
Round 17270 : surplus queue size = 1798
Round 17280 : surplus queue size = 1798
Round 17290 : surplus queue size = 1790
Round 17300 : surplus queue size = 1784
Round 17310 : surplus queue size = 1780
Round 17320 : surplus queue size = 1772
Round 17330 : surplus queue size = 1766
Round 17340 : surplus queue size = 1762
Round 17350 : surplus queue size = 1752
Round 17360 : surplus queue size = 1746
Round 17370 : surplus queue size = 1740
Round 17380 : surplus queue size = 1734
Round 17390 : surplus queue size = 1726
Round 17400 : surplus queue size = 1718
Round 17410 : surplus queue size = 1716
Round 17420 : surplus queue size = 1706
Round 17430 : surplus queue size = 1704
Round 17440 : surplus queue size = 1698
Round 17450 : surplus queue size = 1690
Round 17460 : surplus queue size = 1682
Round 17470 : surplus queue size = 1676
Round 17480 : surplus queue size = 1672
Round 17490 : surplus queue size = 1664
Round 17500 : surplus queue size = 1660
Round 17510 : surplus queue size = 1654
Round 17520 : surplus queue size = 1644
Round 17530 : surplus queue size = 1640
Round 17540 : surplus queue size = 1634
Round 17550 : surplus queue size = 1628
Round 17560 : surplus queue size = 1624
Round 17570 : surplus queue size = 1614
Round 17580 : surplus queue size = 1606
Round 17590 : surplus queue size = 1596
Round 17600 : surplus queue size = 1592
Round 17610 : surplus queue size = 1586
Round 17620 : surplus queue size = 1580
Round 17630 : surplus queue size = 1576
Round 17640 : surplus queue size = 1568
Round 17650 : surplus queue size = 1562
Round 17660 : surplus queue size = 1558
Round 17670 : surplus queue size = 1552
Round 17680 : surplus queue size = 1546
Round 17690 : surplus queue size = 1542
Round 17700 : surplus queue size = 1534
Round 17710 : surplus queue size = 1524
Round 17720 : surplus queue size = 1522
Round 17730 : surplus queue size = 1516
Round 17740 : surplus queue size = 1508
Round 17750 : surplus queue size = 1506
Round 17760 : surplus queue size = 1500
Round 17770 : surplus queue size = 1492
Round 17780 : surplus queue size = 1482
Round 17790 : surplus queue size = 1478
Round 17800 : surplus queue size = 1470
Round 17810 : surplus queue size = 1466
Round 17820 : surplus queue size = 1460
Round 17830 : surplus queue size = 1454
Round 17840 : surplus queue size = 1448
Round 17850 : surplus queue size = 1440
Round 17860 : surplus queue size = 1434
Round 17870 : surplus queue size = 1424
Round 17880 : surplus queue size = 1418
Round 17890 : surplus queue size = 1412
Round 17900 : surplus queue size = 1404
Round 17910 : surplus queue size = 1396
Round 17920 : surplus queue size = 1396
Round 17930 : surplus queue size = 1394
Round 17940 : surplus queue size = 1386
Round 17950 : surplus queue size = 1382
Round 17960 : surplus queue size = 1376
Round 17970 : surplus queue size = 1368
Round 17980 : surplus queue size = 1364
Round 17990 : surplus queue size = 1358
Round 18000 : surplus queue size = 1348
Round 18010 : surplus queue size = 1340
Round 18020 : surplus queue size = 1336
Round 18030 : surplus queue size = 1334
Round 18040 : surplus queue size = 1328
Round 18050 : surplus queue size = 1328
Round 18060 : surplus queue size = 1322
Round 18070 : surplus queue size = 1314
Round 18080 : surplus queue size = 1308
Round 18090 : surplus queue size = 1300
Round 18100 : surplus queue size = 1296
Round 18110 : surplus queue size = 1290
Round 18120 : surplus queue size = 1286
Round 18130 : surplus queue size = 1278
Round 18140 : surplus queue size = 1270
Round 18150 : surplus queue size = 1266
Round 18160 : surplus queue size = 1258
Round 18170 : surplus queue size = 1254
Round 18180 : surplus queue size = 1250
Round 18190 : surplus queue size = 1248
Round 18200 : surplus queue size = 1242
Round 18210 : surplus queue size = 1238
Round 18220 : surplus queue size = 1236
Round 18230 : surplus queue size = 1230
Round 18240 : surplus queue size = 1222
Round 18250 : surplus queue size = 1218
Round 18260 : surplus queue size = 1212
Round 18270 : surplus queue size = 1204
Round 18280 : surplus queue size = 1194
Round 18290 : surplus queue size = 1186
Round 18300 : surplus queue size = 1176
Round 18310 : surplus queue size = 1166
Round 18320 : surplus queue size = 1160
Round 18330 : surplus queue size = 1154
Round 18340 : surplus queue size = 1148
Round 18350 : surplus queue size = 1142
Round 18360 : surplus queue size = 1134
Round 18370 : surplus queue size = 1128
Round 18380 : surplus queue size = 1120
Round 18390 : surplus queue size = 1114
Round 18400 : surplus queue size = 1106
Round 18410 : surplus queue size = 1098
Round 18420 : surplus queue size = 1092
Round 18430 : surplus queue size = 1086
Round 18440 : surplus queue size = 1080
Round 18450 : surplus queue size = 1078
Round 18460 : surplus queue size = 1068
Round 18470 : surplus queue size = 1064
Round 18480 : surplus queue size = 1058
Round 18490 : surplus queue size = 1052
Round 18500 : surplus queue size = 1046
Round 18510 : surplus queue size = 1042
Round 18520 : surplus queue size = 1034
Round 18530 : surplus queue size = 1026
Round 18540 : surplus queue size = 1022
Round 18550 : surplus queue size = 1016
Round 18560 : surplus queue size = 1010
Round 18570 : surplus queue size = 1004
Round 18580 : surplus queue size = 994
Round 18590 : surplus queue size = 990
Round 18600 : surplus queue size = 982
Round 18610 : surplus queue size = 976
Round 18620 : surplus queue size = 970
Round 18630 : surplus queue size = 962
Round 18640 : surplus queue size = 962
Round 18650 : surplus queue size = 958
Round 18660 : surplus queue size = 950
Round 18670 : surplus queue size = 942
Round 18680 : surplus queue size = 936
Round 18690 : surplus queue size = 934
Round 18700 : surplus queue size = 928
Round 18710 : surplus queue size = 920
Round 18720 : surplus queue size = 916
Round 18730 : surplus queue size = 910
Round 18740 : surplus queue size = 902
Round 18750 : surplus queue size = 892
Round 18760 : surplus queue size = 882
Round 18770 : surplus queue size = 872
Round 18780 : surplus queue size = 864
Round 18790 : surplus queue size = 858
Round 18800 : surplus queue size = 850
Round 18810 : surplus queue size = 844
Round 18820 : surplus queue size = 836
Round 18830 : surplus queue size = 830
Round 18840 : surplus queue size = 824
Round 18850 : surplus queue size = 818
Round 18860 : surplus queue size = 814
Round 18870 : surplus queue size = 804
Round 18880 : surplus queue size = 798
Round 18890 : surplus queue size = 790
Round 18900 : surplus queue size = 784
Round 18910 : surplus queue size = 780
Round 18920 : surplus queue size = 778
Round 18930 : surplus queue size = 770
Round 18940 : surplus queue size = 766
Round 18950 : surplus queue size = 758
Round 18960 : surplus queue size = 750
Round 18970 : surplus queue size = 746
Round 18980 : surplus queue size = 744
Round 18990 : surplus queue size = 736
Round 19000 : surplus queue size = 730
Round 19010 : surplus queue size = 724
Round 19020 : surplus queue size = 720
Round 19030 : surplus queue size = 712
Round 19040 : surplus queue size = 702
Round 19050 : surplus queue size = 694
Round 19060 : surplus queue size = 688
Round 19070 : surplus queue size = 684
Round 19080 : surplus queue size = 676
Round 19090 : surplus queue size = 672
Round 19100 : surplus queue size = 666
Round 19110 : surplus queue size = 656
Round 19120 : surplus queue size = 648
Round 19130 : surplus queue size = 638
Round 19140 : surplus queue size = 632
Round 19150 : surplus queue size = 624
Round 19160 : surplus queue size = 618
Round 19170 : surplus queue size = 612
Round 19180 : surplus queue size = 604
Round 19190 : surplus queue size = 596
Round 19200 : surplus queue size = 590
Round 19210 : surplus queue size = 584
Round 19220 : surplus queue size = 576
Round 19230 : surplus queue size = 570
Round 19240 : surplus queue size = 560
Round 19250 : surplus queue size = 550
Round 19260 : surplus queue size = 542
Round 19270 : surplus queue size = 536
Round 19280 : surplus queue size = 530
Round 19290 : surplus queue size = 524
Round 19300 : surplus queue size = 516
Round 19310 : surplus queue size = 508
Round 19320 : surplus queue size = 502
Round 19330 : surplus queue size = 496
Round 19340 : surplus queue size = 490
Round 19350 : surplus queue size = 486
Round 19360 : surplus queue size = 482
Round 19370 : surplus queue size = 476
Round 19380 : surplus queue size = 468
Round 19390 : surplus queue size = 462
Round 19400 : surplus queue size = 452
Round 19410 : surplus queue size = 442
Round 19420 : surplus queue size = 432
Round 19430 : surplus queue size = 424
Round 19440 : surplus queue size = 418
Round 19450 : surplus queue size = 412
Round 19460 : surplus queue size = 404
Round 19470 : surplus queue size = 396
Round 19480 : surplus queue size = 386
Round 19490 : surplus queue size = 378
Round 19500 : surplus queue size = 370
Round 19510 : surplus queue size = 364
Round 19520 : surplus queue size = 362
Round 19530 : surplus queue size = 360
Round 19540 : surplus queue size = 352
Round 19550 : surplus queue size = 346
Round 19560 : surplus queue size = 340
Round 19570 : surplus queue size = 330
Round 19580 : surplus queue size = 322
Round 19590 : surplus queue size = 314
Round 19600 : surplus queue size = 306
Round 19610 : surplus queue size = 300
Round 19620 : surplus queue size = 292
Round 19630 : surplus queue size = 282
Round 19640 : surplus queue size = 274
Round 19650 : surplus queue size = 264
Round 19660 : surplus queue size = 258
Round 19670 : surplus queue size = 252
Round 19680 : surplus queue size = 246
Round 19690 : surplus queue size = 242
Round 19700 : surplus queue size = 234
Round 19710 : surplus queue size = 226
Round 19720 : surplus queue size = 218
Round 19730 : surplus queue size = 214
Round 19740 : surplus queue size = 204
Round 19750 : surplus queue size = 198
Round 19760 : surplus queue size = 192
Round 19770 : surplus queue size = 186
Round 19780 : surplus queue size = 182
Round 19790 : surplus queue size = 178
Round 19800 : surplus queue size = 172
Round 19810 : surplus queue size = 166
Round 19820 : surplus queue size = 162
Round 19830 : surplus queue size = 156
Round 19840 : surplus queue size = 152
Round 19850 : surplus queue size = 144
Round 19860 : surplus queue size = 138
Round 19870 : surplus queue size = 130
Round 19880 : surplus queue size = 122
Round 19890 : surplus queue size = 114
Round 19900 : surplus queue size = 108
Round 19910 : surplus queue size = 100
Round 19920 : surplus queue size = 90
Round 19930 : surplus queue size = 82
Round 19940 : surplus queue size = 74
Round 19950 : surplus queue size = 68
Round 19960 : surplus queue size = 62
Round 19970 : surplus queue size = 56
Round 19980 : surplus queue size = 50
Round 19990 : surplus queue size = 44
Round 20000 : surplus queue size = 36
Round 20010 : surplus queue size = 30
Round 20020 : surplus queue size = 22
Round 20030 : surplus queue size = 14
Round 20040 : surplus queue size = 8
Round 20050 : surplus queue size = 0
Final value: 3776.0000
Finished in 20050 rounds
TIME=1931.590713
