FILENAME=/scratch/dk3105/mcbb-mpi/test_data/er__0_5__80__2.csv
WORKERS=16
INEQUALITIES=200
Round 0 : surplus queue size = 0
Round 4 : saturation achieved
Round 10 : surplus queue size = 96
Round 20 : surplus queue size = 256
Round 30 : surplus queue size = 416
Round 40 : surplus queue size = 576
Round 50 : surplus queue size = 736
Round 60 : surplus queue size = 896
Round 70 : surplus queue size = 1052
Round 80 : surplus queue size = 1210
Round 90 : surplus queue size = 1366
Round 100 : surplus queue size = 1524
Round 110 : surplus queue size = 1680
Round 120 : surplus queue size = 1836
Round 130 : surplus queue size = 1984
Round 140 : surplus queue size = 2140
Round 150 : surplus queue size = 2290
Round 160 : surplus queue size = 2432
Round 170 : surplus queue size = 2574
Round 180 : surplus queue size = 2722
Round 190 : surplus queue size = 2862
Round 200 : surplus queue size = 3002
Round 210 : surplus queue size = 3146
Round 220 : surplus queue size = 3280
Round 230 : surplus queue size = 3426
Round 240 : surplus queue size = 3564
Round 250 : surplus queue size = 3702
Round 260 : surplus queue size = 3828
Round 270 : surplus queue size = 3944
Round 280 : surplus queue size = 4056
Round 290 : surplus queue size = 4174
Round 300 : surplus queue size = 4312
Round 310 : surplus queue size = 4432
Round 320 : surplus queue size = 4554
Round 330 : surplus queue size = 4674
Round 340 : surplus queue size = 4790
Round 350 : surplus queue size = 4894
Round 360 : surplus queue size = 5006
Round 370 : surplus queue size = 5110
Round 380 : surplus queue size = 5216
Round 390 : surplus queue size = 5324
Round 400 : surplus queue size = 5414
Round 410 : surplus queue size = 5502
Round 420 : surplus queue size = 5598
Round 430 : surplus queue size = 5686
Round 440 : surplus queue size = 5790
Round 450 : surplus queue size = 5876
Round 460 : surplus queue size = 5954
Round 470 : surplus queue size = 6028
Round 480 : surplus queue size = 6112
Round 490 : surplus queue size = 6192
Round 500 : surplus queue size = 6270
Round 510 : surplus queue size = 6332
Round 520 : surplus queue size = 6408
Round 530 : surplus queue size = 6488
Round 540 : surplus queue size = 6542
Round 550 : surplus queue size = 6598
Round 560 : surplus queue size = 6664
Round 570 : surplus queue size = 6730
Round 580 : surplus queue size = 6792
Round 590 : surplus queue size = 6836
Round 600 : surplus queue size = 6892
Round 610 : surplus queue size = 6950
Round 620 : surplus queue size = 7000
Round 630 : surplus queue size = 7046
Round 640 : surplus queue size = 7084
Round 650 : surplus queue size = 7140
Round 660 : surplus queue size = 7160
Round 670 : surplus queue size = 7184
Round 680 : surplus queue size = 7214
Round 690 : surplus queue size = 7254
Round 700 : surplus queue size = 7310
Round 710 : surplus queue size = 7354
Round 720 : surplus queue size = 7374
Round 730 : surplus queue size = 7396
Round 740 : surplus queue size = 7428
Round 750 : surplus queue size = 7434
Round 760 : surplus queue size = 7444
Round 770 : surplus queue size = 7458
Round 780 : surplus queue size = 7496
Round 790 : surplus queue size = 7516
Round 800 : surplus queue size = 7524
Round 810 : surplus queue size = 7534
Round 820 : surplus queue size = 7536
Round 830 : surplus queue size = 7560
Round 840 : surplus queue size = 7560
Round 850 : surplus queue size = 7574
Round 860 : surplus queue size = 7576
Round 870 : surplus queue size = 7598
Round 880 : surplus queue size = 7596
Round 890 : surplus queue size = 7578
Round 900 : surplus queue size = 7568
Round 910 : surplus queue size = 7558
Round 920 : surplus queue size = 7592
Round 930 : surplus queue size = 7598
Round 940 : surplus queue size = 7590
Round 950 : surplus queue size = 7590
Round 960 : surplus queue size = 7578
Round 970 : surplus queue size = 7562
Round 980 : surplus queue size = 7552
Round 990 : surplus queue size = 7522
Round 1000 : surplus queue size = 7496
Round 1010 : surplus queue size = 7484
Round 1020 : surplus queue size = 7456
Round 1030 : surplus queue size = 7448
Round 1040 : surplus queue size = 7428
Round 1050 : surplus queue size = 7424
Round 1060 : surplus queue size = 7390
Round 1070 : surplus queue size = 7372
Round 1080 : surplus queue size = 1806
Round 1090 : surplus queue size = 1710
Round 1100 : surplus queue size = 1616
Round 1110 : surplus queue size = 1510
Round 1120 : surplus queue size = 1410
Round 1130 : surplus queue size = 1318
Round 1140 : surplus queue size = 1230
Round 1150 : surplus queue size = 1128
Round 1160 : surplus queue size = 1028
Round 1170 : surplus queue size = 926
Round 1180 : surplus queue size = 816
Round 1190 : surplus queue size = 720
Round 1200 : surplus queue size = 614
Round 1210 : surplus queue size = 492
Round 1220 : surplus queue size = 380
Round 1230 : surplus queue size = 266
Round 1240 : surplus queue size = 162
Round 1250 : surplus queue size = 56
Round 1256 : saturation lost
Final value: 3776.0000
Finished in 1256 rounds
TIME=140.562322
