FILENAME=/scratch/dk3105/mcbb-mpi/test_data/er__0_5__80__2.csv
WORKERS=4
INEQUALITIES=200
Round 0 : surplus queue size = 0
Round 2 : saturation achieved
Round 10 : surplus queue size = 32
Round 20 : surplus queue size = 72
Round 30 : surplus queue size = 112
Round 40 : surplus queue size = 152
Round 50 : surplus queue size = 192
Round 60 : surplus queue size = 232
Round 70 : surplus queue size = 272
Round 80 : surplus queue size = 312
Round 90 : surplus queue size = 352
Round 100 : surplus queue size = 392
Round 110 : surplus queue size = 432
Round 120 : surplus queue size = 472
Round 130 : surplus queue size = 512
Round 140 : surplus queue size = 552
Round 150 : surplus queue size = 592
Round 160 : surplus queue size = 632
Round 170 : surplus queue size = 672
Round 180 : surplus queue size = 712
Round 190 : surplus queue size = 752
Round 200 : surplus queue size = 792
Round 210 : surplus queue size = 832
Round 220 : surplus queue size = 872
Round 230 : surplus queue size = 912
Round 240 : surplus queue size = 952
Round 250 : surplus queue size = 992
Round 260 : surplus queue size = 1030
Round 270 : surplus queue size = 1068
Round 280 : surplus queue size = 1108
Round 290 : surplus queue size = 1146
Round 300 : surplus queue size = 1186
Round 310 : surplus queue size = 1226
Round 320 : surplus queue size = 1266
Round 330 : surplus queue size = 1304
Round 340 : surplus queue size = 1342
Round 350 : surplus queue size = 1382
Round 360 : surplus queue size = 1422
Round 370 : surplus queue size = 1462
Round 380 : surplus queue size = 1500
Round 390 : surplus queue size = 1538
Round 400 : surplus queue size = 1578
Round 410 : surplus queue size = 1618
Round 420 : surplus queue size = 1656
Round 430 : surplus queue size = 1696
Round 440 : surplus queue size = 1734
Round 450 : surplus queue size = 1774
Round 460 : surplus queue size = 1814
Round 470 : surplus queue size = 1852
Round 480 : surplus queue size = 1890
Round 490 : surplus queue size = 1924
Round 500 : surplus queue size = 1960
Round 510 : surplus queue size = 2000
Round 520 : surplus queue size = 2040
Round 530 : surplus queue size = 2078
Round 540 : surplus queue size = 2118
Round 550 : surplus queue size = 2156
Round 560 : surplus queue size = 2194
Round 570 : surplus queue size = 2232
Round 580 : surplus queue size = 2270
Round 590 : surplus queue size = 2306
Round 600 : surplus queue size = 2344
Round 610 : surplus queue size = 2378
Round 620 : surplus queue size = 2412
Round 630 : surplus queue size = 2448
Round 640 : surplus queue size = 2484
Round 650 : surplus queue size = 2522
Round 660 : surplus queue size = 2560
Round 670 : surplus queue size = 2592
Round 680 : surplus queue size = 2630
Round 690 : surplus queue size = 2666
Round 700 : surplus queue size = 2700
Round 710 : surplus queue size = 2738
Round 720 : surplus queue size = 2772
Round 730 : surplus queue size = 2812
Round 740 : surplus queue size = 2844
Round 750 : surplus queue size = 2878
Round 760 : surplus queue size = 2918
Round 770 : surplus queue size = 2952
Round 780 : surplus queue size = 2982
Round 790 : surplus queue size = 3016
Round 800 : surplus queue size = 3052
Round 810 : surplus queue size = 3088
Round 820 : surplus queue size = 3126
Round 830 : surplus queue size = 3158
Round 840 : surplus queue size = 3198
Round 850 : surplus queue size = 3232
Round 860 : surplus queue size = 3260
Round 870 : surplus queue size = 3296
Round 880 : surplus queue size = 3328
Round 890 : surplus queue size = 3366
Round 900 : surplus queue size = 3404
Round 910 : surplus queue size = 3442
Round 920 : surplus queue size = 3478
Round 930 : surplus queue size = 3510
Round 940 : surplus queue size = 3546
Round 950 : surplus queue size = 3576
Round 960 : surplus queue size = 3612
Round 970 : surplus queue size = 3650
Round 980 : surplus queue size = 3688
Round 990 : surplus queue size = 3718
Round 1000 : surplus queue size = 3750
Round 1010 : surplus queue size = 3776
Round 1020 : surplus queue size = 3810
Round 1030 : surplus queue size = 3840
Round 1040 : surplus queue size = 3872
Round 1050 : surplus queue size = 3904
Round 1060 : surplus queue size = 3932
Round 1070 : surplus queue size = 3956
Round 1080 : surplus queue size = 3982
Round 1090 : surplus queue size = 4012
Round 1100 : surplus queue size = 4038
Round 1110 : surplus queue size = 4072
Round 1120 : surplus queue size = 4100
Round 1130 : surplus queue size = 4130
Round 1140 : surplus queue size = 4156
Round 1150 : surplus queue size = 4190
Round 1160 : surplus queue size = 4228
Round 1170 : surplus queue size = 4260
Round 1180 : surplus queue size = 4294
Round 1190 : surplus queue size = 4324
Round 1200 : surplus queue size = 4354
Round 1210 : surplus queue size = 4382
Round 1220 : surplus queue size = 4416
Round 1230 : surplus queue size = 4446
Round 1240 : surplus queue size = 4478
Round 1250 : surplus queue size = 4508
Round 1260 : surplus queue size = 4530
Round 1270 : surplus queue size = 4570
Round 1280 : surplus queue size = 4602
Round 1290 : surplus queue size = 4638
Round 1300 : surplus queue size = 4662
Round 1310 : surplus queue size = 4688
Round 1320 : surplus queue size = 4718
Round 1330 : surplus queue size = 4748
Round 1340 : surplus queue size = 4780
Round 1350 : surplus queue size = 4804
Round 1360 : surplus queue size = 4832
Round 1370 : surplus queue size = 4860
Round 1380 : surplus queue size = 4884
Round 1390 : surplus queue size = 4908
Round 1400 : surplus queue size = 4940
Round 1410 : surplus queue size = 4966
Round 1420 : surplus queue size = 4992
Round 1430 : surplus queue size = 5016
Round 1440 : surplus queue size = 5042
Round 1450 : surplus queue size = 5068
Round 1460 : surplus queue size = 5100
Round 1470 : surplus queue size = 5124
Round 1480 : surplus queue size = 5148
Round 1490 : surplus queue size = 5174
Round 1500 : surplus queue size = 5200
Round 1510 : surplus queue size = 5230
Round 1520 : surplus queue size = 5258
Round 1530 : surplus queue size = 5288
Round 1540 : surplus queue size = 5314
Round 1550 : surplus queue size = 5338
Round 1560 : surplus queue size = 5358
Round 1570 : surplus queue size = 5380
Round 1580 : surplus queue size = 5404
Round 1590 : surplus queue size = 5428
Round 1600 : surplus queue size = 5456
Round 1610 : surplus queue size = 5470
Round 1620 : surplus queue size = 5484
Round 1630 : surplus queue size = 5516
Round 1640 : surplus queue size = 5546
Round 1650 : surplus queue size = 5572
Round 1660 : surplus queue size = 5584
Round 1670 : surplus queue size = 5612
Round 1680 : surplus queue size = 5638
Round 1690 : surplus queue size = 5658
Round 1700 : surplus queue size = 5680
Round 1710 : surplus queue size = 5700
Round 1720 : surplus queue size = 5718
Round 1730 : surplus queue size = 5754
Round 1740 : surplus queue size = 5780
Round 1750 : surplus queue size = 5806
Round 1760 : surplus queue size = 5832
Round 1770 : surplus queue size = 5850
Round 1780 : surplus queue size = 5876
Round 1790 : surplus queue size = 5888
Round 1800 : surplus queue size = 5910
Round 1810 : surplus queue size = 5928
Round 1820 : surplus queue size = 5944
Round 1830 : surplus queue size = 5968
Round 1840 : surplus queue size = 5990
Round 1850 : surplus queue size = 6004
Round 1860 : surplus queue size = 6024
Round 1870 : surplus queue size = 6044
Round 1880 : surplus queue size = 6066
Round 1890 : surplus queue size = 6092
Round 1900 : surplus queue size = 6110
Round 1910 : surplus queue size = 6126
Round 1920 : surplus queue size = 6152
Round 1930 : surplus queue size = 6164
Round 1940 : surplus queue size = 6182
Round 1950 : surplus queue size = 6206
Round 1960 : surplus queue size = 6232
Round 1970 : surplus queue size = 6254
Round 1980 : surplus queue size = 6270
Round 1990 : surplus queue size = 6282
Round 2000 : surplus queue size = 6300
Round 2010 : surplus queue size = 6306
Round 2020 : surplus queue size = 6326
Round 2030 : surplus queue size = 6342
Round 2040 : surplus queue size = 6362
Round 2050 : surplus queue size = 6374
Round 2060 : surplus queue size = 6404
Round 2070 : surplus queue size = 6420
Round 2080 : surplus queue size = 6438
Round 2090 : surplus queue size = 6464
Round 2100 : surplus queue size = 6486
Round 2110 : surplus queue size = 6502
Round 2120 : surplus queue size = 6518
Round 2130 : surplus queue size = 6530
Round 2140 : surplus queue size = 6534
Round 2150 : surplus queue size = 6556
Round 2160 : surplus queue size = 6572
Round 2170 : surplus queue size = 6576
Round 2180 : surplus queue size = 6592
Round 2190 : surplus queue size = 6608
Round 2200 : surplus queue size = 6624
Round 2210 : surplus queue size = 6650
Round 2220 : surplus queue size = 6668
Round 2230 : surplus queue size = 6676
Round 2240 : surplus queue size = 6700
Round 2250 : surplus queue size = 6710
Round 2260 : surplus queue size = 6730
Round 2270 : surplus queue size = 6742
Round 2280 : surplus queue size = 6764
Round 2290 : surplus queue size = 6776
Round 2300 : surplus queue size = 6786
Round 2310 : surplus queue size = 6802
Round 2320 : surplus queue size = 6816
Round 2330 : surplus queue size = 6828
Round 2340 : surplus queue size = 6838
Round 2350 : surplus queue size = 6848
Round 2360 : surplus queue size = 6862
Round 2370 : surplus queue size = 6880
Round 2380 : surplus queue size = 6898
Round 2390 : surplus queue size = 6904
Round 2400 : surplus queue size = 6912
Round 2410 : surplus queue size = 6928
Round 2420 : surplus queue size = 6936
Round 2430 : surplus queue size = 6962
Round 2440 : surplus queue size = 6978
Round 2450 : surplus queue size = 6988
Round 2460 : surplus queue size = 7004
Round 2470 : surplus queue size = 7012
Round 2480 : surplus queue size = 7024
Round 2490 : surplus queue size = 7032
Round 2500 : surplus queue size = 7038
Round 2510 : surplus queue size = 7058
Round 2520 : surplus queue size = 7066
Round 2530 : surplus queue size = 7068
Round 2540 : surplus queue size = 7084
Round 2550 : surplus queue size = 7098
Round 2560 : surplus queue size = 7118
Round 2570 : surplus queue size = 7124
Round 2580 : surplus queue size = 7134
Round 2590 : surplus queue size = 7152
Round 2600 : surplus queue size = 7148
Round 2610 : surplus queue size = 7166
Round 2620 : surplus queue size = 7166
Round 2630 : surplus queue size = 7168
Round 2640 : surplus queue size = 7186
Round 2650 : surplus queue size = 7188
Round 2660 : surplus queue size = 7196
Round 2670 : surplus queue size = 7196
Round 2680 : surplus queue size = 7198
Round 2690 : surplus queue size = 7206
Round 2700 : surplus queue size = 7218
Round 2710 : surplus queue size = 7226
Round 2720 : surplus queue size = 7238
Round 2730 : surplus queue size = 7246
Round 2740 : surplus queue size = 7254
Round 2750 : surplus queue size = 7270
Round 2760 : surplus queue size = 7278
Round 2770 : surplus queue size = 7290
Round 2780 : surplus queue size = 7298
Round 2790 : surplus queue size = 7320
Round 2800 : surplus queue size = 7338
Round 2810 : surplus queue size = 7334
Round 2820 : surplus queue size = 7342
Round 2830 : surplus queue size = 7360
Round 2840 : surplus queue size = 7350
Round 2850 : surplus queue size = 7354
Round 2860 : surplus queue size = 7374
Round 2870 : surplus queue size = 7384
Round 2880 : surplus queue size = 7402
Round 2890 : surplus queue size = 7402
Round 2900 : surplus queue size = 7400
Round 2910 : surplus queue size = 7406
Round 2920 : surplus queue size = 7416
Round 2930 : surplus queue size = 7428
Round 2940 : surplus queue size = 7432
Round 2950 : surplus queue size = 7442
Round 2960 : surplus queue size = 7448
Round 2970 : surplus queue size = 7442
Round 2980 : surplus queue size = 7448
Round 2990 : surplus queue size = 7444
Round 3000 : surplus queue size = 7444
Round 3010 : surplus queue size = 7446
Round 3020 : surplus queue size = 7446
Round 3030 : surplus queue size = 7458
Round 3040 : surplus queue size = 7458
Round 3050 : surplus queue size = 7464
Round 3060 : surplus queue size = 7460
Round 3070 : surplus queue size = 7472
Round 3080 : surplus queue size = 7482
Round 3090 : surplus queue size = 7488
Round 3100 : surplus queue size = 7504
Round 3110 : surplus queue size = 7510
Round 3120 : surplus queue size = 7516
Round 3130 : surplus queue size = 7514
Round 3140 : surplus queue size = 7520
Round 3150 : surplus queue size = 7528
Round 3160 : surplus queue size = 7526
Round 3170 : surplus queue size = 7540
Round 3180 : surplus queue size = 7538
Round 3190 : surplus queue size = 7546
Round 3200 : surplus queue size = 7548
Round 3210 : surplus queue size = 7540
Round 3220 : surplus queue size = 7546
Round 3230 : surplus queue size = 7546
Round 3240 : surplus queue size = 7540
Round 3250 : surplus queue size = 7532
Round 3260 : surplus queue size = 7544
Round 3270 : surplus queue size = 7552
Round 3280 : surplus queue size = 7562
Round 3290 : surplus queue size = 7560
Round 3300 : surplus queue size = 7564
Round 3310 : surplus queue size = 7568
Round 3320 : surplus queue size = 7558
Round 3330 : surplus queue size = 7564
Round 3340 : surplus queue size = 7576
Round 3350 : surplus queue size = 7568
Round 3360 : surplus queue size = 7572
Round 3370 : surplus queue size = 7568
Round 3380 : surplus queue size = 7576
Round 3390 : surplus queue size = 7590
Round 3400 : surplus queue size = 7572
Round 3410 : surplus queue size = 7568
Round 3420 : surplus queue size = 7576
Round 3430 : surplus queue size = 7590
Round 3440 : surplus queue size = 7588
Round 3450 : surplus queue size = 7602
Round 3460 : surplus queue size = 7610
Round 3470 : surplus queue size = 7608
Round 3480 : surplus queue size = 7622
Round 3490 : surplus queue size = 7610
Round 3500 : surplus queue size = 7608
Round 3510 : surplus queue size = 7600
Round 3520 : surplus queue size = 7600
Round 3530 : surplus queue size = 7596
Round 3540 : surplus queue size = 7588
Round 3550 : surplus queue size = 7588
Round 3560 : surplus queue size = 7580
Round 3570 : surplus queue size = 7582
Round 3580 : surplus queue size = 7580
Round 3590 : surplus queue size = 7582
Round 3600 : surplus queue size = 7584
Round 3610 : surplus queue size = 7574
Round 3620 : surplus queue size = 7572
Round 3630 : surplus queue size = 7568
Round 3640 : surplus queue size = 7584
Round 3650 : surplus queue size = 7582
Round 3660 : surplus queue size = 7596
Round 3670 : surplus queue size = 7602
Round 3680 : surplus queue size = 7596
Round 3690 : surplus queue size = 7590
Round 3700 : surplus queue size = 7606
Round 3710 : surplus queue size = 7604
Round 3720 : surplus queue size = 7610
Round 3730 : surplus queue size = 7612
Round 3740 : surplus queue size = 7610
Round 3750 : surplus queue size = 7602
Round 3760 : surplus queue size = 7598
Round 3770 : surplus queue size = 7600
Round 3780 : surplus queue size = 7602
Round 3790 : surplus queue size = 7600
Round 3800 : surplus queue size = 7608
Round 3810 : surplus queue size = 7602
Round 3820 : surplus queue size = 7596
Round 3830 : surplus queue size = 7590
Round 3840 : surplus queue size = 7574
Round 3850 : surplus queue size = 7566
Round 3860 : surplus queue size = 7576
Round 3870 : surplus queue size = 7572
Round 3880 : surplus queue size = 7566
Round 3890 : surplus queue size = 7570
Round 3900 : surplus queue size = 7568
Round 3910 : surplus queue size = 7566
Round 3920 : surplus queue size = 7552
Round 3930 : surplus queue size = 7542
Round 3940 : surplus queue size = 7534
Round 3950 : surplus queue size = 7532
Round 3960 : surplus queue size = 7538
Round 3970 : surplus queue size = 7526
Round 3980 : surplus queue size = 7508
Round 3990 : surplus queue size = 7510
Round 4000 : surplus queue size = 7512
Round 4010 : surplus queue size = 7498
Round 4020 : surplus queue size = 7500
Round 4030 : surplus queue size = 7492
Round 4040 : surplus queue size = 7474
Round 4050 : surplus queue size = 7468
Round 4060 : surplus queue size = 7466
Round 4070 : surplus queue size = 7466
Round 4080 : surplus queue size = 7464
Round 4090 : surplus queue size = 7458
Round 4100 : surplus queue size = 7456
Round 4110 : surplus queue size = 7456
Round 4120 : surplus queue size = 7454
Round 4130 : surplus queue size = 7450
Round 4140 : surplus queue size = 7446
Round 4150 : surplus queue size = 7442
Round 4160 : surplus queue size = 7438
Round 4170 : surplus queue size = 7434
Round 4180 : surplus queue size = 7434
Round 4190 : surplus queue size = 7432
Round 4200 : surplus queue size = 7424
Round 4210 : surplus queue size = 7406
Round 4220 : surplus queue size = 7402
Round 4230 : surplus queue size = 7404
Round 4240 : surplus queue size = 7396
Round 4250 : surplus queue size = 7400
Round 4260 : surplus queue size = 7388
Round 4270 : surplus queue size = 7376
Round 4280 : surplus queue size = 7370
Round 4290 : surplus queue size = 7378
Round 4300 : surplus queue size = 1832
Round 4310 : surplus queue size = 1816
Round 4320 : surplus queue size = 1794
Round 4330 : surplus queue size = 1772
Round 4340 : surplus queue size = 1744
Round 4350 : surplus queue size = 1720
Round 4360 : surplus queue size = 1700
Round 4370 : surplus queue size = 1670
Round 4380 : surplus queue size = 1646
Round 4390 : surplus queue size = 1626
Round 4400 : surplus queue size = 1588
Round 4410 : surplus queue size = 1570
Round 4420 : surplus queue size = 1546
Round 4430 : surplus queue size = 1520
Round 4440 : surplus queue size = 1500
Round 4450 : surplus queue size = 1472
Round 4460 : surplus queue size = 1448
Round 4470 : surplus queue size = 1418
Round 4480 : surplus queue size = 1394
Round 4490 : surplus queue size = 1376
Round 4500 : surplus queue size = 1350
Round 4510 : surplus queue size = 1328
Round 4520 : surplus queue size = 1306
Round 4530 : surplus queue size = 1286
Round 4540 : surplus queue size = 1258
Round 4550 : surplus queue size = 1244
Round 4560 : surplus queue size = 1222
Round 4570 : surplus queue size = 1196
Round 4580 : surplus queue size = 1158
Round 4590 : surplus queue size = 1136
Round 4600 : surplus queue size = 1106
Round 4610 : surplus queue size = 1080
Round 4620 : surplus queue size = 1056
Round 4630 : surplus queue size = 1036
Round 4640 : surplus queue size = 1010
Round 4650 : surplus queue size = 982
Round 4660 : surplus queue size = 960
Round 4670 : surplus queue size = 934
Round 4680 : surplus queue size = 914
Round 4690 : surplus queue size = 884
Round 4700 : surplus queue size = 850
Round 4710 : surplus queue size = 824
Round 4720 : surplus queue size = 796
Round 4730 : surplus queue size = 776
Round 4740 : surplus queue size = 750
Round 4750 : surplus queue size = 730
Round 4760 : surplus queue size = 704
Round 4770 : surplus queue size = 676
Round 4780 : surplus queue size = 650
Round 4790 : surplus queue size = 618
Round 4800 : surplus queue size = 590
Round 4810 : surplus queue size = 562
Round 4820 : surplus queue size = 530
Round 4830 : surplus queue size = 500
Round 4840 : surplus queue size = 482
Round 4850 : surplus queue size = 454
Round 4860 : surplus queue size = 418
Round 4870 : surplus queue size = 388
Round 4880 : surplus queue size = 360
Round 4890 : surplus queue size = 338
Round 4900 : surplus queue size = 308
Round 4910 : surplus queue size = 274
Round 4920 : surplus queue size = 246
Round 4930 : surplus queue size = 220
Round 4940 : surplus queue size = 192
Round 4950 : surplus queue size = 170
Round 4960 : surplus queue size = 152
Round 4970 : surplus queue size = 124
Round 4980 : surplus queue size = 92
Round 4990 : surplus queue size = 62
Round 5000 : surplus queue size = 36
Round 5010 : surplus queue size = 10
Final value: 3776.0000
Finished in 5013 rounds
TIME=519.102146
