FILENAME=/scratch/dk3105/mcbb-mpi/test_data/er__0_5__80__2.csv
WORKERS=8
INEQUALITIES=200
Round 0 : surplus queue size = 0
Round 3 : saturation achieved
Round 10 : surplus queue size = 56
Round 20 : surplus queue size = 136
Round 30 : surplus queue size = 216
Round 40 : surplus queue size = 296
Round 50 : surplus queue size = 376
Round 60 : surplus queue size = 456
Round 70 : surplus queue size = 536
Round 80 : surplus queue size = 616
Round 90 : surplus queue size = 696
Round 100 : surplus queue size = 776
Round 110 : surplus queue size = 856
Round 120 : surplus queue size = 936
Round 130 : surplus queue size = 1014
Round 140 : surplus queue size = 1092
Round 150 : surplus queue size = 1170
Round 160 : surplus queue size = 1250
Round 170 : surplus queue size = 1328
Round 180 : surplus queue size = 1406
Round 190 : surplus queue size = 1486
Round 200 : surplus queue size = 1562
Round 210 : surplus queue size = 1640
Round 220 : surplus queue size = 1718
Round 230 : surplus queue size = 1798
Round 240 : surplus queue size = 1876
Round 250 : surplus queue size = 1946
Round 260 : surplus queue size = 2024
Round 270 : surplus queue size = 2102
Round 280 : surplus queue size = 2178
Round 290 : surplus queue size = 2256
Round 300 : surplus queue size = 2328
Round 310 : surplus queue size = 2400
Round 320 : surplus queue size = 2470
Round 330 : surplus queue size = 2546
Round 340 : surplus queue size = 2614
Round 350 : surplus queue size = 2686
Round 360 : surplus queue size = 2758
Round 370 : surplus queue size = 2834
Round 380 : surplus queue size = 2902
Round 390 : surplus queue size = 2968
Round 400 : surplus queue size = 3038
Round 410 : surplus queue size = 3112
Round 420 : surplus queue size = 3182
Round 430 : surplus queue size = 3250
Round 440 : surplus queue size = 3314
Round 450 : surplus queue size = 3388
Round 460 : surplus queue size = 3464
Round 470 : surplus queue size = 3530
Round 480 : surplus queue size = 3596
Round 490 : surplus queue size = 3674
Round 500 : surplus queue size = 3740
Round 510 : surplus queue size = 3796
Round 520 : surplus queue size = 3860
Round 530 : surplus queue size = 3918
Round 540 : surplus queue size = 3968
Round 550 : surplus queue size = 4028
Round 560 : surplus queue size = 4090
Round 570 : surplus queue size = 4142
Round 580 : surplus queue size = 4214
Round 590 : surplus queue size = 4278
Round 600 : surplus queue size = 4340
Round 610 : surplus queue size = 4400
Round 620 : surplus queue size = 4468
Round 630 : surplus queue size = 4522
Round 640 : surplus queue size = 4588
Round 650 : surplus queue size = 4652
Round 660 : surplus queue size = 4708
Round 670 : surplus queue size = 4768
Round 680 : surplus queue size = 4816
Round 690 : surplus queue size = 4876
Round 700 : surplus queue size = 4926
Round 710 : surplus queue size = 4978
Round 720 : surplus queue size = 5026
Round 730 : surplus queue size = 5092
Round 740 : surplus queue size = 5134
Round 750 : surplus queue size = 5186
Round 760 : surplus queue size = 5244
Round 770 : surplus queue size = 5302
Round 780 : surplus queue size = 5352
Round 790 : surplus queue size = 5396
Round 800 : surplus queue size = 5444
Round 810 : surplus queue size = 5474
Round 820 : surplus queue size = 5532
Round 830 : surplus queue size = 5578
Round 840 : surplus queue size = 5630
Round 850 : surplus queue size = 5670
Round 860 : surplus queue size = 5712
Round 870 : surplus queue size = 5764
Round 880 : surplus queue size = 5822
Round 890 : surplus queue size = 5864
Round 900 : surplus queue size = 5900
Round 910 : surplus queue size = 5938
Round 920 : surplus queue size = 5978
Round 930 : surplus queue size = 6012
Round 940 : surplus queue size = 6056
Round 950 : surplus queue size = 6102
Round 960 : surplus queue size = 6142
Round 970 : surplus queue size = 6168
Round 980 : surplus queue size = 6226
Round 990 : surplus queue size = 6258
Round 1000 : surplus queue size = 6288
Round 1010 : surplus queue size = 6318
Round 1020 : surplus queue size = 6354
Round 1030 : surplus queue size = 6390
Round 1040 : surplus queue size = 6438
Round 1050 : surplus queue size = 6474
Round 1060 : surplus queue size = 6510
Round 1070 : surplus queue size = 6532
Round 1080 : surplus queue size = 6560
Round 1090 : surplus queue size = 6584
Round 1100 : surplus queue size = 6620
Round 1110 : surplus queue size = 6658
Round 1120 : surplus queue size = 6692
Round 1130 : surplus queue size = 6716
Round 1140 : surplus queue size = 6758
Round 1150 : surplus queue size = 6778
Round 1160 : surplus queue size = 6806
Round 1170 : surplus queue size = 6832
Round 1180 : surplus queue size = 6850
Round 1190 : surplus queue size = 6886
Round 1200 : surplus queue size = 6912
Round 1210 : surplus queue size = 6936
Round 1220 : surplus queue size = 6968
Round 1230 : surplus queue size = 6998
Round 1240 : surplus queue size = 7014
Round 1250 : surplus queue size = 7034
Round 1260 : surplus queue size = 7066
Round 1270 : surplus queue size = 7074
Round 1280 : surplus queue size = 7104
Round 1290 : surplus queue size = 7126
Round 1300 : surplus queue size = 7144
Round 1310 : surplus queue size = 7160
Round 1320 : surplus queue size = 7180
Round 1330 : surplus queue size = 7194
Round 1340 : surplus queue size = 7190
Round 1350 : surplus queue size = 7204
Round 1360 : surplus queue size = 7232
Round 1370 : surplus queue size = 7244
Round 1380 : surplus queue size = 7272
Round 1390 : surplus queue size = 7296
Round 1400 : surplus queue size = 7326
Round 1410 : surplus queue size = 7328
Round 1420 : surplus queue size = 7348
Round 1430 : surplus queue size = 7364
Round 1440 : surplus queue size = 7396
Round 1450 : surplus queue size = 7396
Round 1460 : surplus queue size = 7408
Round 1470 : surplus queue size = 7422
Round 1480 : surplus queue size = 7442
Round 1490 : surplus queue size = 7434
Round 1500 : surplus queue size = 7440
Round 1510 : surplus queue size = 7440
Round 1520 : surplus queue size = 7454
Round 1530 : surplus queue size = 7460
Round 1540 : surplus queue size = 7476
Round 1550 : surplus queue size = 7496
Round 1560 : surplus queue size = 7512
Round 1570 : surplus queue size = 7516
Round 1580 : surplus queue size = 7524
Round 1590 : surplus queue size = 7532
Round 1600 : surplus queue size = 7544
Round 1610 : surplus queue size = 7536
Round 1620 : surplus queue size = 7538
Round 1630 : surplus queue size = 7530
Round 1640 : surplus queue size = 7560
Round 1650 : surplus queue size = 7562
Round 1660 : surplus queue size = 7558
Round 1670 : surplus queue size = 7570
Round 1680 : surplus queue size = 7564
Round 1690 : surplus queue size = 7570
Round 1700 : surplus queue size = 7576
Round 1710 : surplus queue size = 7570
Round 1720 : surplus queue size = 7586
Round 1730 : surplus queue size = 7602
Round 1740 : surplus queue size = 7614
Round 1750 : surplus queue size = 7602
Round 1760 : surplus queue size = 7598
Round 1770 : surplus queue size = 7588
Round 1780 : surplus queue size = 7580
Round 1790 : surplus queue size = 7578
Round 1800 : surplus queue size = 7580
Round 1810 : surplus queue size = 7566
Round 1820 : surplus queue size = 7580
Round 1830 : surplus queue size = 7592
Round 1840 : surplus queue size = 7588
Round 1850 : surplus queue size = 7596
Round 1860 : surplus queue size = 7602
Round 1870 : surplus queue size = 7604
Round 1880 : surplus queue size = 7592
Round 1890 : surplus queue size = 7594
Round 1900 : surplus queue size = 7602
Round 1910 : surplus queue size = 7594
Round 1920 : surplus queue size = 7570
Round 1930 : surplus queue size = 7574
Round 1940 : surplus queue size = 7564
Round 1950 : surplus queue size = 7566
Round 1960 : surplus queue size = 7548
Round 1970 : surplus queue size = 7534
Round 1980 : surplus queue size = 7534
Round 1990 : surplus queue size = 7510
Round 2000 : surplus queue size = 7510
Round 2010 : surplus queue size = 7490
Round 2020 : surplus queue size = 7474
Round 2030 : surplus queue size = 7462
Round 2040 : surplus queue size = 7462
Round 2050 : surplus queue size = 7450
Round 2060 : surplus queue size = 7452
Round 2070 : surplus queue size = 7450
Round 2080 : surplus queue size = 7436
Round 2090 : surplus queue size = 7432
Round 2100 : surplus queue size = 7424
Round 2110 : surplus queue size = 7402
Round 2120 : surplus queue size = 7394
Round 2130 : surplus queue size = 7386
Round 2140 : surplus queue size = 7372
Round 2150 : surplus queue size = 1840
Round 2160 : surplus queue size = 1794
Round 2170 : surplus queue size = 1752
Round 2180 : surplus queue size = 1698
Round 2190 : surplus queue size = 1650
Round 2200 : surplus queue size = 1596
Round 2210 : surplus queue size = 1550
Round 2220 : surplus queue size = 1498
Round 2230 : surplus queue size = 1452
Round 2240 : surplus queue size = 1396
Round 2250 : surplus queue size = 1356
Round 2260 : surplus queue size = 1308
Round 2270 : surplus queue size = 1260
Round 2280 : surplus queue size = 1228
Round 2290 : surplus queue size = 1166
Round 2300 : surplus queue size = 1112
Round 2310 : surplus queue size = 1060
Round 2320 : surplus queue size = 1014
Round 2330 : surplus queue size = 960
Round 2340 : surplus queue size = 920
Round 2350 : surplus queue size = 854
Round 2360 : surplus queue size = 804
Round 2370 : surplus queue size = 756
Round 2380 : surplus queue size = 712
Round 2390 : surplus queue size = 656
Round 2400 : surplus queue size = 594
Round 2410 : surplus queue size = 532
Round 2420 : surplus queue size = 486
Round 2430 : surplus queue size = 422
Round 2440 : surplus queue size = 362
Round 2450 : surplus queue size = 314
Round 2460 : surplus queue size = 252
Round 2470 : surplus queue size = 194
Round 2480 : surplus queue size = 154
Round 2490 : surplus queue size = 98
Round 2500 : surplus queue size = 42
Round 2508 : saturation lost
Final value: 3776.0000
Finished in 2508 rounds
TIME=267.822400
