FILENAME=/scratch/dk3105/mcbb-mpi/test_data/er__0_5__80__2.csv
WORKERS=32
INEQUALITIES=200
Round 0 : surplus queue size = 0
Round 5 : saturation achieved
Round 10 : surplus queue size = 160
Round 20 : surplus queue size = 480
Round 30 : surplus queue size = 800
Round 40 : surplus queue size = 1114
Round 50 : surplus queue size = 1430
Round 60 : surplus queue size = 1742
Round 70 : surplus queue size = 2046
Round 80 : surplus queue size = 2344
Round 90 : surplus queue size = 2632
Round 100 : surplus queue size = 2922
Round 110 : surplus queue size = 3200
Round 120 : surplus queue size = 3480
Round 130 : surplus queue size = 3746
Round 140 : surplus queue size = 3982
Round 150 : surplus queue size = 4224
Round 160 : surplus queue size = 4478
Round 170 : surplus queue size = 4720
Round 180 : surplus queue size = 4938
Round 190 : surplus queue size = 5146
Round 200 : surplus queue size = 5352
Round 210 : surplus queue size = 5540
Round 220 : surplus queue size = 5718
Round 230 : surplus queue size = 5898
Round 240 : surplus queue size = 6062
Round 250 : surplus queue size = 6226
Round 260 : surplus queue size = 6350
Round 270 : surplus queue size = 6504
Round 280 : surplus queue size = 6622
Round 290 : surplus queue size = 6748
Round 300 : surplus queue size = 6852
Round 310 : surplus queue size = 6966
Round 320 : surplus queue size = 7044
Round 330 : surplus queue size = 7134
Round 340 : surplus queue size = 7180
Round 350 : surplus queue size = 7256
Round 360 : surplus queue size = 7330
Round 370 : surplus queue size = 7402
Round 380 : surplus queue size = 7422
Round 390 : surplus queue size = 7462
Round 400 : surplus queue size = 7510
Round 410 : surplus queue size = 7502
Round 420 : surplus queue size = 7542
Round 430 : surplus queue size = 7540
Round 440 : surplus queue size = 7588
Round 450 : surplus queue size = 7558
Round 460 : surplus queue size = 7556
Round 470 : surplus queue size = 7582
Round 480 : surplus queue size = 7582
Round 490 : surplus queue size = 7540
Round 500 : surplus queue size = 7500
Round 510 : surplus queue size = 7444
Round 520 : surplus queue size = 7436
Round 530 : surplus queue size = 7380
Round 540 : surplus queue size = 7356
Round 550 : surplus queue size = 1646
Round 560 : surplus queue size = 1440
Round 570 : surplus queue size = 1262
Round 580 : surplus queue size = 1062
Round 590 : surplus queue size = 860
Round 600 : surplus queue size = 658
Round 610 : surplus queue size = 428
Round 620 : surplus queue size = 196
Round 630 : saturation lost
Round 630 : surplus queue size = 0
Final value: 3776.0000
Finished in 631 rounds
TIME=75.198078
